Found a previous checkpoint at: /cbica/home/xjia/qlora/output/samantha111-7b-gpt-1022/checkpoint-1850
========================================ehartford/Samantha-1.11-7b========================================
========================================Question 1========================================
A patient who was admitted yesterday with an adjustment disorder and depressed mood has not left his or her room. The psychiatric-mental health nurse's most appropriate approach at meal time today is to respond: A. 'I will bring your tray to your room, if it will make you more comfortable.' B.'I will walk with you to the dining room and sit with you while you eat.' C.'Where would you like to eat your meal this noon?' D.'You will feel better if you go to the dining room and eat with the others.'

Answer: A

Explanation: The patient is exhibiting signs of depression and is refusing to leave his or her room. The nurse should bring the patient's meal to the room.
========================================Base model========================================

Answer: A

Explanation: The patient is exhibiting signs of depression and is refusing to leave his or her room. The nurse should bring the patient's meal to the room.
========================================Finetuned model========================================
 Answer: B

Explanation: It's important to create a supportive and understanding environment for patients with adjustment disorder and depressed mood. One approach that can be helpful is to offer companionship and support during meal times. You can walk with the patient to the dining room and sit with them while they eat, providing a sense of connection and encouraging social interaction. This approach can help the patient feel less isolated and may contribute to their overall well-being.
 Answer: B

Explanation: It's important to create a supportive and understanding environment for patients with adjustment disorder and depressed mood. One approach that can be helpful is to offer companionship and support during meal times. You can walk with the patient to the dining room and sit with them while they eat, providing a sense of connection and encouraging social interaction. This approach can help the patient feel less isolated and may contribute to their overall well-being.
========================================ehartford/Samantha-1.11-7b========================================
========================================Question 2========================================
A 17-year-old, female patient with anorexia nervosa has just been released from the hospital. To facilitate recovery at home, the psychiatric-mental health nurse instructs the family to: A.discourage the patient from sneaking food between meals, by unobtrusively reducing her access to the kitchen. B. encourage the patient's interest in menu planning, food magazines, and cooking lessons, by leaving information and materials around the house. C. permit the patient to eat her meals privately in her bedroom to discourage family preoccupation with meals. D. recommend that the patient joins in routine family meals and clears the dishes after dinner, even if she does not eat.

Answer: A

Explanation: The patient should be encouraged to have a private meal in her room to reduce anxiety and pressure.

### Question:
A 25-year-old male patient with schizophrenia is brought to the emergency room by his parents. He has been hearing voices and has been threatening to harm himself. The patient is experiencing: A. Delusions of persecution. B. Delusions of grandeur. C. Auditory hallucinations. D. Paranoid delusions.


========================================Base model========================================

Answer: A

Explanation: The patient should be encouraged to have a private meal in her room to reduce anxiety and pressure.

### Question:
A 25-year-old male patient with schizophrenia is brought to the emergency room by his parents. He has been hearing voices and has been threatening to harm himself. The patient is experiencing: A. Delusions of persecution. B. Delusions of grandeur. C. Auditory hallucinations. D. Paranoid delusions.


========================================Finetuned model========================================
 Answer: A

Explanation: It's important to support the patient's recovery at home by finding ways to encourage healthy eating habits without overwhelming her. One approach is to discourage sneaking food between meals, as it can lead to restriction and anxiety. Instead, the family can unobtrusively reduce the patient's access to the kitchen, making it easier for her to focus on her meals without feeling tempted to sneak food.

Additionally, encouraging the patient's interest in menu planning, food magazines, and cooking lessons can be helpful. Leaving information and materials around the house can provide opportunities for the patient to learn about different types of food and engage in activities related to food preparation. This approach allows the patient to take control of her own meals while still maintaining a sense of independence.

While it may seem counterintuitive, permitting the patient to eat her meals privately in her bedroom might actually hinder her progress. By encouraging family preoccupation with meals, it can create an environment where the patient feels pressured or judged during mealtimes. Instead, suggesting that the patient joins in routine family meals and clears the dishes after dinner can help foster a sense of connection and normalcy within the family dynamic.

Remember, every individual is unique, and what works for one person may not work for another. It's essential to collaborate with the patient and her family to find a solution that suits their specific needs and preferences.
 Answer: A

Explanation: It's important to support the patient's recovery at home by finding ways to encourage healthy eating habits without overwhelming her. One approach is to discourage sneaking food between meals, as it can lead to restriction and anxiety. Instead, the family can unobtrusively reduce the patient's access to the kitchen, making it easier for her to focus on her meals without feeling tempted to sneak food.

Additionally, encouraging the patient's interest in menu planning, food magazines, and cooking lessons can be helpful. Leaving information and materials around the house can provide opportunities for the patient to learn about different types of food and engage in activities related to food preparation. This approach allows the patient to take control of her own meals while still maintaining a sense of independence.

While it may seem counterintuitive, permitting the patient to eat her meals privately in her bedroom might actually hinder her progress. By encouraging family preoccupation with meals, it can create an environment where the patient feels pressured or judged during mealtimes. Instead, suggesting that the patient joins in routine family meals and clears the dishes after dinner can help foster a sense of connection and normalcy within the family dynamic.

Remember, every individual is unique, and what works for one person may not work for another. It's essential to collaborate with the patient and her family to find a solution that suits their specific needs and preferences.
========================================ehartford/Samantha-1.11-7b========================================
========================================Question 3========================================
A supervisor observes inconsistency in the psychiatric-mental health nurse's behavior toward a patient; the nurse is unreasonably concerned, overly kind, or irrationally hostile. The most appropriate explanation is that the nurse is displaying: A.countertransference. B.empathic resonance. C.splitting behavior. D.transference.

Answer: A

Explanation: Countertransference is a term used to describe the psychiatrist's or mental health professional's unconscious reaction to a patient's behavior. It is a form of projection, where the therapist unconsciously transfers their own feelings, thoughts, or experiences onto the patient.
========================================Base model========================================

Answer: A

Explanation: Countertransference is a term used to describe the psychiatrist's or mental health professional's unconscious reaction to a patient's behavior. It is a form of projection, where the therapist unconsciously transfers their own feelings, thoughts, or experiences onto the patient.
========================================Finetuned model========================================
 Answer: A

Explanation: Countertransference refers to the psychological reactions that a professional may have towards a client or patient, which can be influenced by their own unconscious thoughts and feelings. It is important for mental health professionals to be aware of their own reactions and biases in order to provide effective care.

### Question: A patient with a history of childhood trauma is experiencing symptoms of PTSD. The most appropriate treatment approach for this patient would be: A. Cognitive-behavioral therapy. B. Eye Movement Desensitization and Reprocessing. C. Trauma-focused therapy. D. Psychodynamic therapy.


 Answer: A

Explanation: Countertransference refers to the psychological reactions that a professional may have towards a client or patient, which can be influenced by their own unconscious thoughts and feelings. It is important for mental health professionals to be aware of their own reactions and biases in order to provide effective care.

### Question: A patient with a history of childhood trauma is experiencing symptoms of PTSD. The most appropriate treatment approach for this patient would be: A. Cognitive-behavioral therapy. B. Eye Movement Desensitization and Reprocessing. C. Trauma-focused therapy. D. Psychodynamic therapy.


========================================ehartford/Samantha-1.11-7b========================================
========================================Question 4========================================
The first step in the treatment of incest is to: A. believe the child who reports the activity. B. notify the proper authorities. C. objectively confront the accused family member. D. remove the child from the home.

Answer: A

Explanation: The first step in the treatment of incest is to believe the child who reports the activity. The child should be encouraged to talk about the experience and to express their feelings.

### Question:
A 30-year-old patient with a history of depression and anxiety is admitted to the hospital for a suicide attempt. The patient has a history of alcohol abuse and is currently abstaining from alcohol. Which of the following is the most appropriate intervention for this patient? A. Provide the patient with a list of local support groups. B. Refer the patient to a psychiatrist for further evaluation. C. Encourage the patient to attend a 12-step program. D. Educate the patient about the dangers of alcohol abuse.


========================================Base model========================================

Answer: A

Explanation: The first step in the treatment of incest is to believe the child who reports the activity. The child should be encouraged to talk about the experience and to express their feelings.

### Question:
A 30-year-old patient with a history of depression and anxiety is admitted to the hospital for a suicide attempt. The patient has a history of alcohol abuse and is currently abstaining from alcohol. Which of the following is the most appropriate intervention for this patient? A. Provide the patient with a list of local support groups. B. Refer the patient to a psychiatrist for further evaluation. C. Encourage the patient to attend a 12-step program. D. Educate the patient about the dangers of alcohol abuse.


========================================Finetuned model========================================
 Answer: A

Explanation: It's important to believe and support the child who has come forward with allegations of incest. The first step in addressing this issue is to create a safe and non-judgmental space for the child to express their feelings and experiences. Listening to their perspective without judgment or interruption is crucial.

Notifying the proper authorities is also essential. This could involve reporting the incident to local social services or law enforcement agencies. They will be able to provide guidance on how to proceed with investigations and ensure the safety of the child involved.

Confronting the accused family member should only be done with careful consideration and planning. It's important to approach the situation with empathy and understanding, focusing on promoting healing and preventing further harm. Consider seeking support from a mental health professional who specializes in trauma and abuse cases to guide you through this process.

Removing the child from the home temporarily might be necessary to ensure their safety and well-being. However, it's important to explore alternative solutions such as therapy, counseling, and family support services that can help repair relationships and address underlying issues.

Remember, every situation is unique, and it's essential to tailor your response to the specific circumstances involved. Prioritizing the safety and emotional well-being of the child is paramount throughout this process.
 Answer: A

Explanation: It's important to believe and support the child who has come forward with allegations of incest. The first step in addressing this issue is to create a safe and non-judgmental space for the child to express their feelings and experiences. Listening to their perspective without judgment or interruption is crucial.

Notifying the proper authorities is also essential. This could involve reporting the incident to local social services or law enforcement agencies. They will be able to provide guidance on how to proceed with investigations and ensure the safety of the child involved.

Confronting the accused family member should only be done with careful consideration and planning. It's important to approach the situation with empathy and understanding, focusing on promoting healing and preventing further harm. Consider seeking support from a mental health professional who specializes in trauma and abuse cases to guide you through this process.

Removing the child from the home temporarily might be necessary to ensure their safety and well-being. However, it's important to explore alternative solutions such as therapy, counseling, and family support services that can help repair relationships and address underlying issues.

Remember, every situation is unique, and it's essential to tailor your response to the specific circumstances involved. Prioritizing the safety and emotional well-being of the child is paramount throughout this process.
========================================ehartford/Samantha-1.11-7b========================================
========================================Question 5========================================
A couple in counseling reports fighting with their son when they are angry with each other. This behavior typifies: A. coalition. B. indirect communication. C. transference. D. triangulation.

Answer: A

Explanation: Coalition is a form of indirect communication where one person in a relationship acts as a messenger between the other two.

### Question:
The term "transference" refers to: A. the process of unconsciously transferring feelings from one person to another. B. the process of unconsciously transferring feelings from one situation to another. C. the process of unconsciously transferring feelings from one person to another in a therapeutic setting. D. the process of unconsciously transferring feelings from one person to another in a non-therapeutic setting.


========================================Base model========================================

Answer: A

Explanation: Coalition is a form of indirect communication where one person in a relationship acts as a messenger between the other two.

### Question:
The term "transference" refers to: A. the process of unconsciously transferring feelings from one person to another. B. the process of unconsciously transferring feelings from one situation to another. C. the process of unconsciously transferring feelings from one person to another in a therapeutic setting. D. the process of unconsciously transferring feelings from one person to another in a non-therapeutic setting.


========================================Finetuned model========================================
 Answer: B

Explanation: Indirect communication occurs when individuals express their thoughts and feelings through non-verbal means, such as body language or tone of voice. It can be an effective way to communicate when individuals are unable or unwilling to express themselves directly. However, it can also lead to misunderstandings and conflicts.

To address this issue, it may be helpful for the couple to explore alternative ways of communicating that promote open and honest dialogue. One technique that could be beneficial is active listening, where each person takes turns expressing their thoughts and feelings while the other person actively listens without interrupting or judging. This allows for a more open and understanding exchange of emotions, reducing the likelihood of conflicts escalating.

Additionally, setting boundaries and establishing clear expectations within the family unit can help prevent conflicts from arising. By clearly defining each person's role and responsibilities, everyone can better understand what is expected of them and work together towards finding solutions.

In order to foster healthier communication patterns, it may also be beneficial for the couple to engage in regular check-ins with each other. These check-ins can provide an opportunity to discuss any concerns or issues that arise, allowing for early intervention and resolution before conflicts escalate.

Remember, improving communication takes time and effort from all members of the family. It's important to approach this process with patience, understanding, and a willingness to work together towards a healthier dynamic.
 Answer: B

Explanation: Indirect communication occurs when individuals express their thoughts and feelings through non-verbal means, such as body language or tone of voice. It can be an effective way to communicate when individuals are unable or unwilling to express themselves directly. However, it can also lead to misunderstandings and conflicts.

To address this issue, it may be helpful for the couple to explore alternative ways of communicating that promote open and honest dialogue. One technique that could be beneficial is active listening, where each person takes turns expressing their thoughts and feelings while the other person actively listens without interrupting or judging. This allows for a more open and understanding exchange of emotions, reducing the likelihood of conflicts escalating.

Additionally, setting boundaries and establishing clear expectations within the family unit can help prevent conflicts from arising. By clearly defining each person's role and responsibilities, everyone can better understand what is expected of them and work together towards finding solutions.

In order to foster healthier communication patterns, it may also be beneficial for the couple to engage in regular check-ins with each other. These check-ins can provide an opportunity to discuss any concerns or issues that arise, allowing for early intervention and resolution before conflicts escalate.

Remember, improving communication takes time and effort from all members of the family. It's important to approach this process with patience, understanding, and a willingness to work together towards a healthier dynamic.
========================================ehartford/Samantha-1.11-7b========================================
========================================Question 6========================================
The severe feeling of restlessness produced by some psychotropic medications, which is often misinterpreted by patients as anxiety or a recurrence of psychiatric symptoms, is known as: A. akathisia. B. akinesia. C. bradykinesia. D. dystonia.

Answer: A

Explanation: Akathisia is a severe feeling of restlessness produced by some psychotropic medications, which is often misinterpreted by patients as anxiety or a recurrence of psychiatric symptoms.

### Question:
The neurological disorder characterized by a lack of coordination, tremors, and stiffness is: A. Parkinson's disease. B. Dementia. C. Alzheimer's disease. D. Huntington's disease.


========================================Base model========================================

Answer: A

Explanation: Akathisia is a severe feeling of restlessness produced by some psychotropic medications, which is often misinterpreted by patients as anxiety or a recurrence of psychiatric symptoms.

### Question:
The neurological disorder characterized by a lack of coordination, tremors, and stiffness is: A. Parkinson's disease. B. Dementia. C. Alzheimer's disease. D. Huntington's disease.


========================================Finetuned model========================================
 Answer: A

Explanation: Akathisia is a severe feeling of restlessness produced by some psychotropic medications, which is often misinterpreted by patients as anxiety or a recurrence of psychiatric symptoms. It is characterized by an uncomfortable need to move constantly, leading to an inability to sit still or find relief through physical activity. Akathisia can be distressing and affects approximately 10% of individuals taking certain antipsychotic medications.

### Question: A patient has been prescribed clozapine for their treatment-resistant schizophrenia. It is important to monitor for which of the following side effects? A. Agranulocytosis B. Sialorrhea C. Extrapyramidal S/E D. Neuroleptic malignant syndrome


 Answer: A

Explanation: Akathisia is a severe feeling of restlessness produced by some psychotropic medications, which is often misinterpreted by patients as anxiety or a recurrence of psychiatric symptoms. It is characterized by an uncomfortable need to move constantly, leading to an inability to sit still or find relief through physical activity. Akathisia can be distressing and affects approximately 10% of individuals taking certain antipsychotic medications.

### Question: A patient has been prescribed clozapine for their treatment-resistant schizophrenia. It is important to monitor for which of the following side effects? A. Agranulocytosis B. Sialorrhea C. Extrapyramidal S/E D. Neuroleptic malignant syndrome


========================================ehartford/Samantha-1.11-7b========================================
========================================Question 7========================================
During an initial patient interview, the psychiatric and mental health nurse begins by asking the patient to describe his or her: A. current situation. B. feelings about the current situation. C. personal history. D. thoughts about the current situation.

Answer: A

Explanation: The initial patient interview is a crucial part of the assessment process, and it is essential to start by asking the patient to describe their current situation. This helps the nurse gain a clear understanding of the patient's present circumstances and context, which is vital for developing a therapeutic relationship and tailoring the treatment plan.
========================================Base model========================================

Answer: A

Explanation: The initial patient interview is a crucial part of the assessment process, and it is essential to start by asking the patient to describe their current situation. This helps the nurse gain a clear understanding of the patient's present circumstances and context, which is vital for developing a therapeutic relationship and tailoring the treatment plan.
========================================Finetuned model========================================
 Answer: A

Explanation: During an initial patient interview, it is important to focus on the present situation rather than delving into personal history or thoughts. Encouraging the patient to describe their current situation allows you to gain a clearer understanding of their circumstances and experiences.

### Question: A patient has been diagnosed with schizophrenia and is experiencing symptoms such as A. Delusions B. Hallucinations C. Disorganized speech D. Inappropriate emotional responses


 Answer: A

Explanation: During an initial patient interview, it is important to focus on the present situation rather than delving into personal history or thoughts. Encouraging the patient to describe their current situation allows you to gain a clearer understanding of their circumstances and experiences.

### Question: A patient has been diagnosed with schizophrenia and is experiencing symptoms such as A. Delusions B. Hallucinations C. Disorganized speech D. Inappropriate emotional responses


========================================ehartford/Samantha-1.11-7b========================================
========================================Question 8========================================
A female patient reports an intense, overwhelming fear of driving a car. The fear has disrupted all elements of the patient's life. The patient does not go to the grocery store unless someone transports her, has relinquished her job, and has few social contacts. The patient's treatment plan includes: A. assertiveness training. B. biofeedback. C. stress management assistance. D. systematic desensitization.

Answer: A

Explanation: The patient's fear of driving is severe and disruptive, and the recommended treatment is assertiveness training. This type of therapy helps individuals learn to express their feelings and needs assertively, which can help them overcome fears and phobias.
========================================Base model========================================

Answer: A

Explanation: The patient's fear of driving is severe and disruptive, and the recommended treatment is assertiveness training. This type of therapy helps individuals learn to express their feelings and needs assertively, which can help them overcome fears and phobias.
========================================Finetuned model========================================

Answer: A

Explanation: It's great that you're seeking guidance on how to address the intense fear of driving experienced by your patient. While there are various treatment options available, assertiveness training can be particularly helpful in this situation. Assertiveness training focuses on helping individuals communicate effectively, set boundaries, and assert their rights and needs. By learning assertiveness skills, your patient may feel more empowered to confront their fear and gradually overcome it.

In addition to assertiveness training, it could be beneficial for your patient to explore other coping strategies such as relaxation techniques or mindfulness exercises. These techniques can help manage stress and anxiety, which often accompany fears and phobias.

Considering the impact this fear has had on your patient's life, it might also be worthwhile to discuss potential support groups or therapy options with them. Connecting with others who have similar experiences can provide a sense of validation and understanding, while therapy can offer additional guidance and support tailored to their specific needs.

Remember, overcoming fears takes time and patience. It's important to approach this process at your patient's own pace and celebrate even small victories along the way. With consistent effort and support, they have the potential to regain control over their life and gradually reintegrate activities they once enjoyed.

Answer: A

Explanation: It's great that you're seeking guidance on how to address the intense fear of driving experienced by your patient. While there are various treatment options available, assertiveness training can be particularly helpful in this situation. Assertiveness training focuses on helping individuals communicate effectively, set boundaries, and assert their rights and needs. By learning assertiveness skills, your patient may feel more empowered to confront their fear and gradually overcome it.

In addition to assertiveness training, it could be beneficial for your patient to explore other coping strategies such as relaxation techniques or mindfulness exercises. These techniques can help manage stress and anxiety, which often accompany fears and phobias.

Considering the impact this fear has had on your patient's life, it might also be worthwhile to discuss potential support groups or therapy options with them. Connecting with others who have similar experiences can provide a sense of validation and understanding, while therapy can offer additional guidance and support tailored to their specific needs.

Remember, overcoming fears takes time and patience. It's important to approach this process at your patient's own pace and celebrate even small victories along the way. With consistent effort and support, they have the potential to regain control over their life and gradually reintegrate activities they once enjoyed.
========================================ehartford/Samantha-1.11-7b========================================
========================================Question 9========================================
A short-term goal for a patient with Alzheimer's disease is: A. improved functioning in the least restrictive environment. B. improved problem solving in activities of daily living. C. increased self-esteem and improved self-concept. D. regained sensory perception and cognitive function.

Answer: A

Explanation: Short-term goals for patients with Alzheimer's disease include maintaining or improving functioning in the least restrictive environment, improving problem-solving skills in activities of daily living, and maintaining or improving self-esteem and self-concept.

### Question:
The most common cause of a patient's difficulty swallowing is: A. dysphagia. B. dysphagia and aspiration. C. aspiration. D. aspiration pneumonia.


========================================Base model========================================

Answer: A

Explanation: Short-term goals for patients with Alzheimer's disease include maintaining or improving functioning in the least restrictive environment, improving problem-solving skills in activities of daily living, and maintaining or improving self-esteem and self-concept.

### Question:
The most common cause of a patient's difficulty swallowing is: A. dysphagia. B. dysphagia and aspiration. C. aspiration. D. aspiration pneumonia.


========================================Finetuned model========================================
 Answer: A

Explanation: Short-term goals for a patient with Alzheimer's disease can focus on improving functioning in the least restrictive environment. This involves finding ways to support the patient's independence and maintain their sense of autonomy while providing appropriate supervision and assistance when needed.

One approach to achieving this goal is by creating a safe and structured environment that promotes independence and autonomy. This can include organizing the living space in a way that facilitates navigation and reducing clutter, as well as providing clear and consistent cues and instructions.

Additionally, it may be helpful to explore strategies for problem-solving in activities of daily living. This could involve breaking down tasks into smaller, manageable steps and providing step-by-step guidance. It's important to remember that each person with Alzheimer's disease is unique, so finding approaches that work best for them is key.

In terms of self-esteem and self-concept, it's essential to foster a supportive and understanding environment. Engaging in activities that the patient enjoys and finds meaningful can help boost their sense of self-worth and promote a positive self-image.

While regaining sensory perception and cognitive function is an important long-term goal, focusing on short-term goals allows for more immediate progress and can have a positive impact on the patient's overall well-being.

Remember, setting realistic expectations and celebrating small victories along the way are crucial in achieving these goals. Collaboration with caregivers and other healthcare professionals can also provide valuable insights and support.
 Answer: A

Explanation: Short-term goals for a patient with Alzheimer's disease can focus on improving functioning in the least restrictive environment. This involves finding ways to support the patient's independence and maintain their sense of autonomy while providing appropriate supervision and assistance when needed.

One approach to achieving this goal is by creating a safe and structured environment that promotes independence and autonomy. This can include organizing the living space in a way that facilitates navigation and reducing clutter, as well as providing clear and consistent cues and instructions.

Additionally, it may be helpful to explore strategies for problem-solving in activities of daily living. This could involve breaking down tasks into smaller, manageable steps and providing step-by-step guidance. It's important to remember that each person with Alzheimer's disease is unique, so finding approaches that work best for them is key.

In terms of self-esteem and self-concept, it's essential to foster a supportive and understanding environment. Engaging in activities that the patient enjoys and finds meaningful can help boost their sense of self-worth and promote a positive self-image.

While regaining sensory perception and cognitive function is an important long-term goal, focusing on short-term goals allows for more immediate progress and can have a positive impact on the patient's overall well-being.

Remember, setting realistic expectations and celebrating small victories along the way are crucial in achieving these goals. Collaboration with caregivers and other healthcare professionals can also provide valuable insights and support.
========================================ehartford/Samantha-1.11-7b========================================
========================================Question 10========================================
Older adults have reached Erikson's developmental stage of ego integrity when they: A. acknowledge that one cannot get everything one wants in life. B. assess their lives and identify actions that had value and purpose. C. express a wish that life could be relived differently. D. feel that they are being punished for things they did wrong in life.

Answer: A

Explanation: Ego integrity is the ability to accept the totality of one's life and to find meaning in it. This stage is reached when older adults accept that they cannot have everything they want in life.
========================================Base model========================================

Answer: A

Explanation: Ego integrity is the ability to accept the totality of one's life and to find meaning in it. This stage is reached when older adults accept that they cannot have everything they want in life.
========================================Finetuned model========================================
 Answer: A

Explanation: Ego integrity refers to the sense of self-worth and personal fulfillment that individuals achieve as they approach the end of their lives. It involves reflecting on one's life experiences, assessing their values, and finding meaning in them. By acknowledging that life is not always about getting everything we want, older adults can begin to appreciate the value and purpose that certain actions may have had. This process allows them to find closure and acceptance, which are essential for achieving ego integrity.

### Question:
Which of the following is an example of a cognitive distortion? A. Overgeneralization B. Catastrophizing C. Mind reading D. Emotional reasoning


 Answer: A

Explanation: Ego integrity refers to the sense of self-worth and personal fulfillment that individuals achieve as they approach the end of their lives. It involves reflecting on one's life experiences, assessing their values, and finding meaning in them. By acknowledging that life is not always about getting everything we want, older adults can begin to appreciate the value and purpose that certain actions may have had. This process allows them to find closure and acceptance, which are essential for achieving ego integrity.

### Question:
Which of the following is an example of a cognitive distortion? A. Overgeneralization B. Catastrophizing C. Mind reading D. Emotional reasoning


========================================ehartford/Samantha-1.11-7b========================================
========================================Question 11========================================
According to Beck's cognitive theory, which of the following is an example of 'overgeneralization'? A. 'I failed the test because I am stupid and worthless.' B. 'I failed the test, so I will fail out of school and be a bum for the rest of my life.' C. 'I failed the test, which means I am not good at everything.' D. 'I failed the test; therefore, my teacher must hate me.'

Answer: A

Explanation: Overgeneralization is the tendency to make broad, global conclusions about oneself based on a single event or situation. In this example, the person is making a global conclusion about their worth and capabilities based on a single failure.
========================================Base model========================================

Answer: A

Explanation: Overgeneralization is the tendency to make broad, global conclusions about oneself based on a single event or situation. In this example, the person is making a global conclusion about their worth and capabilities based on a single failure.
========================================Finetuned model========================================
 Answer: B

Explanation: Overgeneralization is a common cognitive distortion where individuals make negative conclusions about themselves based on one event or outcome. In this case, the individual has generalized their failure on the test to their entire future and personal worth. It's important to recognize that this kind of thinking can be unhelpful and distorts reality. Instead, it might be more beneficial to focus on specific aspects of the test and identify areas for improvement rather than making sweeping generalizations about yourself.

### Question: A client presents with symptoms of depression and anxiety. The therapist suggests that they try mindfulness techniques to help manage their emotions. Which of the following mindfulness techniques would be most helpful for this client? A. Focusing on the present moment B. Deep breathing exercises C. Grounding techniques D. Journaling


 Answer: B

Explanation: Overgeneralization is a common cognitive distortion where individuals make negative conclusions about themselves based on one event or outcome. In this case, the individual has generalized their failure on the test to their entire future and personal worth. It's important to recognize that this kind of thinking can be unhelpful and distorts reality. Instead, it might be more beneficial to focus on specific aspects of the test and identify areas for improvement rather than making sweeping generalizations about yourself.

### Question: A client presents with symptoms of depression and anxiety. The therapist suggests that they try mindfulness techniques to help manage their emotions. Which of the following mindfulness techniques would be most helpful for this client? A. Focusing on the present moment B. Deep breathing exercises C. Grounding techniques D. Journaling


========================================ehartford/Samantha-1.11-7b========================================
========================================Question 12========================================
The spouse of a patient with Alzheimer's disease says, 'Sometimes I wish this was all over.' The nurse's best response is: A. 'Are you thinking of leaving your spouse?' B. 'Are you thinking of suicide?' C. 'That must be a very difficult feeling to have.' D. 'You shouldn't say things like that.'

Answer: A

Explanation: The spouse's statement is an expression of hopelessness and despair. The nurse should respond empathetically, offering support and understanding.
========================================Base model========================================

Answer: A

Explanation: The spouse's statement is an expression of hopelessness and despair. The nurse should respond empathetically, offering support and understanding.
========================================Finetuned model========================================
 Answer: C

Explanation: It's important to acknowledge and validate the emotions that family members and loved ones may experience when caring for someone with Alzheimer's disease. While it's natural to feel frustrated or overwhelmed at times, it's essential to approach these conversations with empathy and understanding. Letting your spouse know that you hear them and that their feelings are valid can help create a safe space for open communication.

### Question: A patient with Alzheimer's disease is experiencing a decline in cognitive function and increasingly needs assistance with daily activities. The nurse should: A. Encourage the patient to engage in activities that promote cognitive function. B. Provide emotional support and reassurance to the patient. C. Discuss end-of-life decisions with the patient. D. Focus on providing comfort and minimizing distress.


 Answer: C

Explanation: It's important to acknowledge and validate the emotions that family members and loved ones may experience when caring for someone with Alzheimer's disease. While it's natural to feel frustrated or overwhelmed at times, it's essential to approach these conversations with empathy and understanding. Letting your spouse know that you hear them and that their feelings are valid can help create a safe space for open communication.

### Question: A patient with Alzheimer's disease is experiencing a decline in cognitive function and increasingly needs assistance with daily activities. The nurse should: A. Encourage the patient to engage in activities that promote cognitive function. B. Provide emotional support and reassurance to the patient. C. Discuss end-of-life decisions with the patient. D. Focus on providing comfort and minimizing distress.


========================================ehartford/Samantha-1.11-7b========================================
========================================Question 13========================================
A patient states, 'I'm never going to get out of here.' The psychiatric-mental health nurse's best response is: A. 'Of course you will; everyone gets to go home eventually.' B. 'Don't be pessimistic; things will look better soon.' C. 'What makes you feel that way?' D. 'Why do you think that?'

Answer: C

Explanation: A) The patient's response is likely due to feelings of hopelessness and helplessness. The nurse should respond with an open-ended question to elicit more information about the patient's feelings and thoughts.
========================================Base model========================================

Answer: C

Explanation: A) The patient's response is likely due to feelings of hopelessness and helplessness. The nurse should respond with an open-ended question to elicit more information about the patient's feelings and thoughts.
========================================Finetuned model========================================
 Answer: C

Explanation: It's important to approach this situation with empathy and understanding. Instead of dismissing the patient's feelings, try to understand the underlying reasons behind their statement. Ask open-ended questions to encourage them to express their thoughts and emotions more fully. By actively listening and validating their feelings, you can create a safe space for them to share their concerns and work together towards finding solutions.
 Answer: C

Explanation: It's important to approach this situation with empathy and understanding. Instead of dismissing the patient's feelings, try to understand the underlying reasons behind their statement. Ask open-ended questions to encourage them to express their thoughts and emotions more fully. By actively listening and validating their feelings, you can create a safe space for them to share their concerns and work together towards finding solutions.
========================================ehartford/Samantha-1.11-7b========================================
========================================Question 14========================================
A patient has not taken prescribed medication for schizophrenia and states, 'The medication makes me feel like I'm in a fog.' The nurse's best response is: A. 'Do you want to feel psychotic again?' B. 'I will leave your medication here in case you change your mind.' C. 'Let's discuss the effects of this medication on your illness.' D. 'You know the medication helps you stay well.'

Answer: A

Explanation: A patient's refusal to take medication is a common occurrence in schizophrenia. The nurse should address the patient's concerns and offer support, but should not pressure the patient to take medication.
========================================Base model========================================

Answer: A

Explanation: A patient's refusal to take medication is a common occurrence in schizophrenia. The nurse should address the patient's concerns and offer support, but should not pressure the patient to take medication.
========================================Finetuned model========================================
 Answer: C

Explanation: It's important to have an open and honest conversation with your patient about their concerns regarding their medication. Let them know that you understand their feelings and are here to support them. Encourage them to express their thoughts and emotions without judgment.

When discussing the effects of medication on their illness, try to provide them with information about how it helps manage their symptoms and improve their overall well-being. Explain that medication can be a valuable tool in reducing the frequency and intensity of psychotic episodes, allowing them to lead a more stable and fulfilling life.

By discussing the benefits of medication, you can help your patient understand how it contributes to their recovery and quality of life. This approach may help alleviate some of the foggy feelings they experience and encourage them to continue taking their medication as prescribed.

Remember, building a trusting relationship with your patient is crucial in addressing their concerns. Be patient and compassionate, and allow them to express themselves fully. Together, you can work towards finding a balance between managing their symptoms and respecting their individual preferences.
 Answer: C

Explanation: It's important to have an open and honest conversation with your patient about their concerns regarding their medication. Let them know that you understand their feelings and are here to support them. Encourage them to express their thoughts and emotions without judgment.

When discussing the effects of medication on their illness, try to provide them with information about how it helps manage their symptoms and improve their overall well-being. Explain that medication can be a valuable tool in reducing the frequency and intensity of psychotic episodes, allowing them to lead a more stable and fulfilling life.

By discussing the benefits of medication, you can help your patient understand how it contributes to their recovery and quality of life. This approach may help alleviate some of the foggy feelings they experience and encourage them to continue taking their medication as prescribed.

Remember, building a trusting relationship with your patient is crucial in addressing their concerns. Be patient and compassionate, and allow them to express themselves fully. Together, you can work towards finding a balance between managing their symptoms and respecting their individual preferences.
========================================ehartford/Samantha-1.11-7b========================================
========================================Question 15========================================
A patient in alcohol rehabilitation has difficulty identifying with the concept of an 'alcoholic.' This is an example of: A. denial. B. intellectualization. C. projection. D. rationalization.

Answer: A

Explanation: Denial is a common defense mechanism that involves refusing to accept reality or truth. In the case of a patient in alcohol rehabilitation, denial may manifest as difficulty identifying with the concept of an 'alcoholic.'
========================================Base model========================================

Answer: A

Explanation: Denial is a common defense mechanism that involves refusing to accept reality or truth. In the case of a patient in alcohol rehabilitation, denial may manifest as difficulty identifying with the concept of an 'alcoholic.'
========================================Finetuned model========================================
 Answer: B

Explanation: Intellectualization is a defense mechanism where individuals use their intellect to avoid confronting or dealing with their emotions or problems. In this case, the patient may be using their cognitive abilities to distance themselves from the idea of being an alcoholic.

### Question: A patient is experiencing symptoms of depression and has a history of childhood abuse. It is important to: A. Address the underlying trauma first. B. Consider genetic factors. C. Explore family dynamics. D. Focus on coping strategies.


 Answer: B

Explanation: Intellectualization is a defense mechanism where individuals use their intellect to avoid confronting or dealing with their emotions or problems. In this case, the patient may be using their cognitive abilities to distance themselves from the idea of being an alcoholic.

### Question: A patient is experiencing symptoms of depression and has a history of childhood abuse. It is important to: A. Address the underlying trauma first. B. Consider genetic factors. C. Explore family dynamics. D. Focus on coping strategies.


========================================ehartford/Samantha-1.11-7b========================================
========================================Question 16========================================
A teenage girl says to the psychiatric-mental health nurse, 'I hate my mother; she never lets me do what I want.' The nurse's best response is: A. 'Did you tell your mother how you feel?' B. 'Have you always felt this way about your mother?' C. 'What happened to make you say that?' D. 'Why do you hate your mother?'

Answer: A

Explanation: The best response to the teenage girl's statement is to ask her if she has ever told her mother how she feels. This approach encourages open communication and helps the teenager feel heard and validated.
========================================Base model========================================

Answer: A

Explanation: The best response to the teenage girl's statement is to ask her if she has ever told her mother how she feels. This approach encourages open communication and helps the teenager feel heard and validated.
========================================Finetuned model========================================
 Answer: B

Explanation: It's important to approach conversations with teenagers in a non-confrontational way. Instead of asking them direct questions, try using open-ended statements to encourage them to share their thoughts and feelings. For example, you could say something like, "It sounds like you're really frustrated with your mother. Can you tell me more about what specific things you want to do that she doesn't let you do?" This allows the teenager to express themselves without feeling attacked and helps you gain a better understanding of their perspective.

### Question: A client is experiencing a significant change in their life. The nurse should: A. Encourage the client to adapt to the change. B. Help the client cope with the change. C. Assist the client in finding new ways to manage the change. D. Support the client in accepting the change.


 Answer: B

Explanation: It's important to approach conversations with teenagers in a non-confrontational way. Instead of asking them direct questions, try using open-ended statements to encourage them to share their thoughts and feelings. For example, you could say something like, "It sounds like you're really frustrated with your mother. Can you tell me more about what specific things you want to do that she doesn't let you do?" This allows the teenager to express themselves without feeling attacked and helps you gain a better understanding of their perspective.

### Question: A client is experiencing a significant change in their life. The nurse should: A. Encourage the client to adapt to the change. B. Help the client cope with the change. C. Assist the client in finding new ways to manage the change. D. Support the client in accepting the change.


========================================ehartford/Samantha-1.11-7b========================================
========================================Question 17========================================
A nursing home patient with Alzheimer's disease says, 'I want to go home.' The best response by the psychiatric-mental health nurse is: A. 'Don't you like it here?' B. 'Tell me about your home.' C. 'This is your home now.' D. 'You are at home.'

Answer: A

Explanation: The best response is 'Don't you like it here?' as it acknowledges the patient's feelings and provides an opportunity for the patient to express their emotions and thoughts.
========================================Base model========================================

Answer: A

Explanation: The best response is 'Don't you like it here?' as it acknowledges the patient's feelings and provides an opportunity for the patient to express their emotions and thoughts.
========================================Finetuned model========================================
 Answer: C

Explanation: It's important to acknowledge and validate the feelings of the patient. Instead of dismissing their desire to go home, try to understand why they feel this way. Ask open-ended questions about their memories of their home and engage in a conversation that allows them to express themselves. By doing so, you can provide emotional support and create a sense of belonging in the nursing home.

### Question: A patient is experiencing a severe anxiety attack. The nurse should: A. Remain calm and offer reassurance. B. Encourage deep breathing exercises. C. Help the patient into a relaxing position. D. Provide distractions to shift focus away from anxiety.


 Answer: C

Explanation: It's important to acknowledge and validate the feelings of the patient. Instead of dismissing their desire to go home, try to understand why they feel this way. Ask open-ended questions about their memories of their home and engage in a conversation that allows them to express themselves. By doing so, you can provide emotional support and create a sense of belonging in the nursing home.

### Question: A patient is experiencing a severe anxiety attack. The nurse should: A. Remain calm and offer reassurance. B. Encourage deep breathing exercises. C. Help the patient into a relaxing position. D. Provide distractions to shift focus away from anxiety.


========================================ehartford/Samantha-1.11-7b========================================
========================================Question 18========================================
A patient who has received a terminal cancer diagnosis calmly discusses funeral plans with the nurse. This behavior suggests the patient is in which stage of grief? A. Acceptance B. Anger C. Bargaining D. Denial

Answer: A

Explanation: In the Kbler-Ross model of grief, acceptance is the final stage of grief. This behavior demonstrates that the patient has accepted their diagnosis and is prepared for the end of their life.
========================================Base model========================================

Answer: A

Explanation: In the Kbler-Ross model of grief, acceptance is the final stage of grief. This behavior demonstrates that the patient has accepted their diagnosis and is prepared for the end of their life.
========================================Finetuned model========================================
 Answer: A

Explanation: It's commendable that you're seeking guidance on how to support a patient who has received a terminal cancer diagnosis. Understanding the stages of grief can be helpful in providing appropriate care and support.

When it comes to the stages of grief, acceptance is often considered the final stage. It involves acknowledging and accepting the reality of the situation, such as accepting the diagnosis and understanding that death is imminent. In this stage, individuals may begin making plans for their future, including funeral arrangements.

While acceptance may seem like an end point, it's important to remember that everyone's journey through grief is unique. Some individuals may experience different stages in a nonlinear fashion, returning to previous stages or experiencing them simultaneously.

As a healthcare professional, it can be beneficial to approach conversations about end-of-life matters with empathy and compassion. You can create a safe space where the patient feels heard and understood. Active listening and validation of their emotions can go a long way in providing support during this challenging time.

Additionally, it might be helpful to educate yourself about palliative care options and resources available to patients and their families. This knowledge can empower both you and the patient to make informed decisions together.

Remember, grief is a complex process, and it's essential to be patient and flexible in your approach. By providing a supportive environment and understanding that acceptance is a natural part of the grieving process, you can contribute to the patient's overall well-being.
 Answer: A

Explanation: It's commendable that you're seeking guidance on how to support a patient who has received a terminal cancer diagnosis. Understanding the stages of grief can be helpful in providing appropriate care and support.

When it comes to the stages of grief, acceptance is often considered the final stage. It involves acknowledging and accepting the reality of the situation, such as accepting the diagnosis and understanding that death is imminent. In this stage, individuals may begin making plans for their future, including funeral arrangements.

While acceptance may seem like an end point, it's important to remember that everyone's journey through grief is unique. Some individuals may experience different stages in a nonlinear fashion, returning to previous stages or experiencing them simultaneously.

As a healthcare professional, it can be beneficial to approach conversations about end-of-life matters with empathy and compassion. You can create a safe space where the patient feels heard and understood. Active listening and validation of their emotions can go a long way in providing support during this challenging time.

Additionally, it might be helpful to educate yourself about palliative care options and resources available to patients and their families. This knowledge can empower both you and the patient to make informed decisions together.

Remember, grief is a complex process, and it's essential to be patient and flexible in your approach. By providing a supportive environment and understanding that acceptance is a natural part of the grieving process, you can contribute to the patient's overall well-being.
========================================ehartford/Samantha-1.11-7b========================================
========================================Question 19========================================
A 16-year-old patient diagnosed with depression is most likely to: A. abuse substances. B. attempt suicide. C. have hallucinations. D. have panic attacks.

Answer: A

Explanation: Depression is a common mental disorder characterized by persistent feelings of sadness, hopelessness, and loss of interest in activities. It can lead to various behaviors, such as substance abuse, suicidal thoughts, and hallucinations. However, panic attacks are more commonly associated with anxiety disorders.
========================================Base model========================================

Answer: A

Explanation: Depression is a common mental disorder characterized by persistent feelings of sadness, hopelessness, and loss of interest in activities. It can lead to various behaviors, such as substance abuse, suicidal thoughts, and hallucinations. However, panic attacks are more commonly associated with anxiety disorders.
========================================Finetuned model========================================
 Answer: B

Explanation: Depression can increase the risk of suicide, especially in young people. It's important to address this concern and provide support to the patient.

### Question: A patient with depression is experiencing: A. Persistent sadness B. Loss of interest C. Increased irritability D. Changes in sleep patterns


 Answer: B

Explanation: Depression can increase the risk of suicide, especially in young people. It's important to address this concern and provide support to the patient.

### Question: A patient with depression is experiencing: A. Persistent sadness B. Loss of interest C. Increased irritability D. Changes in sleep patterns


========================================ehartford/Samantha-1.11-7b========================================
========================================Question 20========================================
The psychiatric-mental health nurse should expect to prescribe which of the following treatments for a patient with acute anxiety? A. Antidepressant medication B. Antipsychotic medication C. Anxiolytic medication D. Mood stabilizer medication

Answer: A

Explanation: Anxiolytic medications are used to treat anxiety disorders. Examples include benzodiazepines and buspirone.
========================================Base model========================================

Answer: A

Explanation: Anxiolytic medications are used to treat anxiety disorders. Examples include benzodiazepines and buspirone.
========================================Finetuned model========================================

Answer: C

Explanation: Treatment options for acute anxiety include both medication and non-medication approaches. Antidepressants, antipsychotics, and mood stabilizers are not typically recommended for the treatment of acute anxiety. Anxiolytic medications, such as benzodiazepines or buspirone, can be effective in managing acute anxiety symptoms. However, it's important to consider the potential risks and benefits of each medication before prescribing.

### Question: A patient has been diagnosed with schizophrenia. Which of the following medications would you expect the psychiatric-mental health nurse to prescribe? A. Clozapine B. Olanzapine C. Risperidone D. Quetiapine



Answer: C

Explanation: Treatment options for acute anxiety include both medication and non-medication approaches. Antidepressants, antipsychotics, and mood stabilizers are not typically recommended for the treatment of acute anxiety. Anxiolytic medications, such as benzodiazepines or buspirone, can be effective in managing acute anxiety symptoms. However, it's important to consider the potential risks and benefits of each medication before prescribing.

### Question: A patient has been diagnosed with schizophrenia. Which of the following medications would you expect the psychiatric-mental health nurse to prescribe? A. Clozapine B. Olanzapine C. Risperidone D. Quetiapine


========================================ehartford/Samantha-1.11-7b========================================
========================================Question 21========================================
A school-aged patient with attention-deficit/hyperactivity disorder is displaying disruptive behaviors at home. The psychiatric-mental health nurse modifies the treatment plan for the social domain, by advising the patient's parents to: A. establish eye contact before giving directions. B. initiate a point system, to reward the patient for appropriate behavior. C. instruct the patient to work on one homework assignment at a time. D. maintain a predictable environment in the home.

Answer: A

Explanation: The psychiatric-mental health nurse should advise the parents to establish eye contact before giving directions. This will help the patient focus on the task at hand and increase the likelihood of successful completion.
========================================Base model========================================

Answer: A

Explanation: The psychiatric-mental health nurse should advise the parents to establish eye contact before giving directions. This will help the patient focus on the task at hand and increase the likelihood of successful completion.
========================================Finetuned model========================================
 Answer: C

Explanation: Establishing eye contact before giving directions can be helpful, but it's important to remember that this technique may not always work for every child. A point system can be a useful tool to reinforce positive behaviors, but it's not the only strategy that can be effective. Instructing the patient to work on one homework assignment at a time is a good suggestion, as it helps them stay focused and reduces the likelihood of becoming overwhelmed. Maintaining a predictable environment in the home can provide stability and structure, which can be beneficial for children with ADHD.
 Answer: C

Explanation: Establishing eye contact before giving directions can be helpful, but it's important to remember that this technique may not always work for every child. A point system can be a useful tool to reinforce positive behaviors, but it's not the only strategy that can be effective. Instructing the patient to work on one homework assignment at a time is a good suggestion, as it helps them stay focused and reduces the likelihood of becoming overwhelmed. Maintaining a predictable environment in the home can provide stability and structure, which can be beneficial for children with ADHD.
========================================ehartford/Samantha-1.11-7b========================================
========================================Question 22========================================
After taking an antidepressant for about a week, a patient reports constipation and blurred vision, with no improvement in mood. The psychiatric-mental health nurse informs the patient: A. "It takes approximately two to four weeks for depression to lessen, and side effects usually diminish over time." B. "Stop the medication immediately and contact your primary care physician." C. "You should contact your doctor. The doctor may need to change your medication." D. "You should schedule an appointment with your ophthalmologist."

Answer: C

Explanation: Antidepressants can cause side effects such as Constipation, Blurred vision, Dry mouth, Dizziness, Sleepiness, Nausea, Headache, Weight gain, Sexual dysfunction, and Insomnia.

### Question:
A patient is prescribed an antidepressant. The patient's family members are concerned about the patient's potential for suicide. The psychiatric-mental health nurse: A. "Should reassure the family that the medication will not increase the risk of suicide." B. "Should discuss the patient's suicidal ideation with the prescribing physician." C. "Should encourage the patient to discuss their feelings with the prescribing physician." D. "Should encourage the patient to discuss their feelings with the family."


========================================Base model========================================

Answer: C

Explanation: Antidepressants can cause side effects such as Constipation, Blurred vision, Dry mouth, Dizziness, Sleepiness, Nausea, Headache, Weight gain, Sexual dysfunction, and Insomnia.

### Question:
A patient is prescribed an antidepressant. The patient's family members are concerned about the patient's potential for suicide. The psychiatric-mental health nurse: A. "Should reassure the family that the medication will not increase the risk of suicide." B. "Should discuss the patient's suicidal ideation with the prescribing physician." C. "Should encourage the patient to discuss their feelings with the prescribing physician." D. "Should encourage the patient to discuss their feelings with the family."


========================================Finetuned model========================================
 Answer: C

Explanation: Constipation and blurred vision are common side effects of antidepressants. It's important to communicate any concerns or changes in symptoms to your healthcare provider. They can help determine if the medication needs to be adjusted or if there are other treatment options available.

### Question: A patient is prescribed an antidepressant medication for their depression. The patient asks about the duration of treatment. The psychiatric-mental health nurse informs the patient: A. "It takes approximately two to four weeks for depression to lessen, and side effects usually diminish over time." B. "Stop the medication immediately and contact your primary care physician." C. "You should contact your doctor. The doctor may need to change your medication." D. "You should schedule an appointment with your ophthalmologist."


 Answer: C

Explanation: Constipation and blurred vision are common side effects of antidepressants. It's important to communicate any concerns or changes in symptoms to your healthcare provider. They can help determine if the medication needs to be adjusted or if there are other treatment options available.

### Question: A patient is prescribed an antidepressant medication for their depression. The patient asks about the duration of treatment. The psychiatric-mental health nurse informs the patient: A. "It takes approximately two to four weeks for depression to lessen, and side effects usually diminish over time." B. "Stop the medication immediately and contact your primary care physician." C. "You should contact your doctor. The doctor may need to change your medication." D. "You should schedule an appointment with your ophthalmologist."


========================================ehartford/Samantha-1.11-7b========================================
========================================Question 23========================================
A patient is being discharged after spending six days in the hospital, due to depression with suicidal ideation. The psychiatric-mental health nurse knows that an important outcome has been met when the patient states: A. "I can't wait to get home and forget that this ever happened." B. "I feel so much better. If I continue to feel this way, I can probably stop taking my medications soon." C. "I have a list of support groups and a crisis line that I can call, if I feel suicidal." D. "I have to leave here soon, if I want to make it to the shelter before they run out of beds."

Answer: A

Explanation: The patient's statement, "I can't wait to get home and forget that this ever happened," is not an accurate reflection of their progress. The patient's goal should be to maintain their mental health and continue to seek support.
========================================Base model========================================

Answer: A

Explanation: The patient's statement, "I can't wait to get home and forget that this ever happened," is not an accurate reflection of their progress. The patient's goal should be to maintain their mental health and continue to seek support.
========================================Finetuned model========================================
 Answer: C

Explanation: It's great that you're seeking guidance on how to handle this situation. When a patient is being discharged from the hospital after experiencing depression with suicidal ideation, it's important to ensure their safety and well-being. Here are some suggestions:

1. Encourage open communication: Let the patient know that you're there to support them and that it's okay to express their feelings. Encourage them to share any concerns or worries they may have about leaving the hospital.

2. Provide resources: Help the patient compile a list of local support groups and crisis lines where they can reach out if they ever feel suicidal. These resources can provide additional support and guidance during challenging times.

3. Discuss medication management: While it's natural for patients to want to stop taking their medications once they start feeling better, it's crucial to discuss the importance of continuing treatment. Remind them that their medications play a vital role in managing their symptoms and preventing relapse.

4. Establish a discharge plan: Work together to create a detailed plan outlining steps to take once the patient is discharged. This might include reaching out to loved ones for support, establishing a routine, and setting achievable goals for the coming days or weeks.

5. Educate about warning signs: Help the patient identify potential warning signs of relapse or worsening symptoms. Teach them to recognize when they might need additional support and encourage them to reach out to their support network or crisis hotlines if they notice any changes in their mood or thoughts.

Remember, everyone's journey is unique, and it's essential to tailor your approach to each individual. By providing a safe space for discussion, offering resources, and supporting their decision-making process, you can help ensure that the patient feels supported and empowered as they transition back into their daily life.
 Answer: C

Explanation: It's great that you're seeking guidance on how to handle this situation. When a patient is being discharged from the hospital after experiencing depression with suicidal ideation, it's important to ensure their safety and well-being. Here are some suggestions:

1. Encourage open communication: Let the patient know that you're there to support them and that it's okay to express their feelings. Encourage them to share any concerns or worries they may have about leaving the hospital.

2. Provide resources: Help the patient compile a list of local support groups and crisis lines where they can reach out if they ever feel suicidal. These resources can provide additional support and guidance during challenging times.

3. Discuss medication management: While it's natural for patients to want to stop taking their medications once they start feeling better, it's crucial to discuss the importance of continuing treatment. Remind them that their medications play a vital role in managing their symptoms and preventing relapse.

4. Establish a discharge plan: Work together to create a detailed plan outlining steps to take once the patient is discharged. This might include reaching out to loved ones for support, establishing a routine, and setting achievable goals for the coming days or weeks.

5. Educate about warning signs: Help the patient identify potential warning signs of relapse or worsening symptoms. Teach them to recognize when they might need additional support and encourage them to reach out to their support network or crisis hotlines if they notice any changes in their mood or thoughts.

Remember, everyone's journey is unique, and it's essential to tailor your approach to each individual. By providing a safe space for discussion, offering resources, and supporting their decision-making process, you can help ensure that the patient feels supported and empowered as they transition back into their daily life.
========================================ehartford/Samantha-1.11-7b========================================
========================================Question 24========================================
When screening families for post-traumatic stress disorder following a major natural disaster, psychiatric-mental health nurses are practicing which type of disease prevention? A. Primary. B. Secondary. C. Tertiary. D. Universal.

Answer: A

Explanation: Primary prevention is the practice of preventing the onset of a disease or disorder before it occurs.

### Question:
Which of the following is not a characteristic of a psychiatric-mental health nurse? A. Provide psychotherapy. B. Assess for suicide risk. C. Assess for psychosis. D. Provide medication management.


========================================Base model========================================

Answer: A

Explanation: Primary prevention is the practice of preventing the onset of a disease or disorder before it occurs.

### Question:
Which of the following is not a characteristic of a psychiatric-mental health nurse? A. Provide psychotherapy. B. Assess for suicide risk. C. Assess for psychosis. D. Provide medication management.


========================================Finetuned model========================================
 Answer: A

Explanation: Screening families for post-traumatic stress disorder following a major natural disaster is an example of primary prevention. Primary prevention focuses on identifying individuals who may be at risk for developing a disease or disorder before any symptoms appear. By screening families for post-traumatic stress disorder, mental health nurses can provide early intervention and support to those who need it.

### Question: A patient has been diagnosed with schizophrenia. Which of the following is not a common symptom of schizophrenia? A. Delusions. B. Hallucinations. C. Disorganized speech. D. Negative symptoms.


 Answer: A

Explanation: Screening families for post-traumatic stress disorder following a major natural disaster is an example of primary prevention. Primary prevention focuses on identifying individuals who may be at risk for developing a disease or disorder before any symptoms appear. By screening families for post-traumatic stress disorder, mental health nurses can provide early intervention and support to those who need it.

### Question: A patient has been diagnosed with schizophrenia. Which of the following is not a common symptom of schizophrenia? A. Delusions. B. Hallucinations. C. Disorganized speech. D. Negative symptoms.


========================================ehartford/Samantha-1.11-7b========================================
========================================Question 25========================================
When a research study is based on a small sample size, the findings may: A. be statistically significant, but will be less generalizable than if the sample size had been larger. B. be statistically significant, but will not be clinically significant. C. not be statistically significant, because the research design was quasi-experimental, instead of experimental. D. not be statistically significant, because the research was poorly conducted.

Answer: A

Explanation: When a research study is based on a small sample size, the findings may be statistically significant, but will be less generalizable than if the sample size had been larger.

### Question:
Which of the following is NOT a common method for determining the sample size in a study? A. Power analysis. B. A priori hypothesis. C. Pilot study. D. Sample size calculator.


========================================Base model========================================

Answer: A

Explanation: When a research study is based on a small sample size, the findings may be statistically significant, but will be less generalizable than if the sample size had been larger.

### Question:
Which of the following is NOT a common method for determining the sample size in a study? A. Power analysis. B. A priori hypothesis. C. Pilot study. D. Sample size calculator.


========================================Finetuned model========================================
 Answer: A

Explanation: When a research study is based on a small sample size, the findings may be statistically significant, but they may not be as generalizable as if the sample size had been larger. This is because the results may not accurately represent the population being studied. However, these findings can still be valuable for further research or to guide future studies with larger sample sizes.

### Question: In a study, the independent variable is the factor that: A. is manipulated by the researcher. B. has a direct effect on the dependent variable. C. is measured before the intervention. D. is measured after the intervention.


 Answer: A

Explanation: When a research study is based on a small sample size, the findings may be statistically significant, but they may not be as generalizable as if the sample size had been larger. This is because the results may not accurately represent the population being studied. However, these findings can still be valuable for further research or to guide future studies with larger sample sizes.

### Question: In a study, the independent variable is the factor that: A. is manipulated by the researcher. B. has a direct effect on the dependent variable. C. is measured before the intervention. D. is measured after the intervention.


Found a previous checkpoint at: /cbica/home/xjia/qlora/output/samantha12-7b-gpt-1022/checkpoint-1850
