Found a previous checkpoint at: /cbica/home/xjia/qlora/output/vicuna-7b-gpt-1018/checkpoint-1850
========================================lmsys/vicuna-7b-v1.5========================================
========================================Question 1========================================
A patient who was admitted yesterday with an adjustment disorder and depressed mood has not left his or her room. The psychiatric-mental health nurse's most appropriate approach at meal time today is to respond: A. 'I will bring your tray to your room, if it will make you more comfortable.' B.'I will walk with you to the dining room and sit with you while you eat.' C.'Where would you like to eat your meal this noon?' D.'You will feel better if you go to the dining room and eat with the others.'

Answer: B

Explanation: The patient is depressed and has not left their room, so the most appropriate approach is to offer to walk with the patient to the dining room and sit with them while they eat. This provides emotional support and encourages social interaction, which can help to alleviate the patient's depressed mood.
========================================Base model========================================

Answer: B

Explanation: The patient is depressed and has not left their room, so the most appropriate approach is to offer to walk with the patient to the dining room and sit with them while they eat. This provides emotional support and encourages social interaction, which can help to alleviate the patient's depressed mood.
========================================Finetuned model========================================
 Answer: B. 'I will walk with you to the dining room and sit with you while you eat.'

Explanation: It's important to involve the patient in their own care and decision-making whenever possible. Offering to walk with them to the dining room shows that you respect their autonomy and are willing to accommodate their needs. Sitting with them during meal time can provide a sense of support and create a more comfortable environment for them to eat. By doing so, you are promoting social interaction and fostering a sense of belonging, which can be beneficial for patients with adjustment disorders and depressed mood.
 Answer: B. 'I will walk with you to the dining room and sit with you while you eat.'

Explanation: It's important to involve the patient in their own care and decision-making whenever possible. Offering to walk with them to the dining room shows that you respect their autonomy and are willing to accommodate their needs. Sitting with them during meal time can provide a sense of support and create a more comfortable environment for them to eat. By doing so, you are promoting social interaction and fostering a sense of belonging, which can be beneficial for patients with adjustment disorders and depressed mood.
========================================lmsys/vicuna-7b-v1.5========================================
========================================Question 2========================================
A 17-year-old, female patient with anorexia nervosa has just been released from the hospital. To facilitate recovery at home, the psychiatric-mental health nurse instructs the family to: A.discourage the patient from sneaking food between meals, by unobtrusively reducing her access to the kitchen. B. encourage the patient's interest in menu planning, food magazines, and cooking lessons, by leaving information and materials around the house. C. permit the patient to eat her meals privately in her bedroom to discourage family preoccupation with meals. D. recommend that the patient joins in routine family meals and clears the dishes after dinner, even if she does not eat.

Answer: B

Explanation: Encouraging the patient's interest in menu planning, food magazines, and cooking lessons, by leaving information and materials around the house, is an appropriate intervention for a 17-year-old female patient with anorexia nervosa who has just been released from the hospital. This intervention can help the patient develop healthy attitudes towards food and mealtime, and promote a sense of normalcy and family cohesion. It is important to note that the patient's privacy and autonomy should also be respected, and that the family should avoid imposing their own eating habits and attitudes on the patient. Therefore, option C is not the best choice. Option A may be appropriate in some cases, but it may also be perceived as punitive or controlling by the patient. Option D may be helpful in promoting family cohesion and normalizing mealtime, but it may also be overwhelming for the patient if she is not ready to engage in such activities.
========================================Base model========================================

Answer: B

Explanation: Encouraging the patient's interest in menu planning, food magazines, and cooking lessons, by leaving information and materials around the house, is an appropriate intervention for a 17-year-old female patient with anorexia nervosa who has just been released from the hospital. This intervention can help the patient develop healthy attitudes towards food and mealtime, and promote a sense of normalcy and family cohesion. It is important to note that the patient's privacy and autonomy should also be respected, and that the family should avoid imposing their own eating habits and attitudes on the patient. Therefore, option C is not the best choice. Option A may be appropriate in some cases, but it may also be perceived as punitive or controlling by the patient. Option D may be helpful in promoting family cohesion and normalizing mealtime, but it may also be overwhelming for the patient if she is not ready to engage in such activities.
========================================Finetuned model========================================
 Answer: B. encourage the patient's interest in menu planning, food magazines, and cooking lessons, by leaving information and materials around the house.

Explanation: It is important to support the patient's involvement in activities related to food and meals, as this can help foster a healthy relationship with food and aid in their recovery. Encouraging the patient to explore menu planning, reading food magazines, and taking cooking lessons can provide opportunities for them to develop new skills and interests while also promoting a sense of autonomy and independence. By leaving information and materials around the house, you are creating a supportive environment where the patient feels empowered to engage with these activities at their own pace.

It's worth noting that while joining routine family meals and clearing the dishes after dinner may seem like a positive step, it might not be the most effective approach for this specific patient. The focus should be on helping the patient rebuild a healthy relationship with food rather than simply encouraging them to participate in meals without addressing any underlying issues.

Remember, each individual's journey towards recovery is unique, and it's essential to tailor your approach to their specific needs and preferences. By providing guidance and support while allowing the patient to take an active role in their own recovery, you can increase their chances of successfully overcoming anorexia nervosa.
 Answer: B. encourage the patient's interest in menu planning, food magazines, and cooking lessons, by leaving information and materials around the house.

Explanation: It is important to support the patient's involvement in activities related to food and meals, as this can help foster a healthy relationship with food and aid in their recovery. Encouraging the patient to explore menu planning, reading food magazines, and taking cooking lessons can provide opportunities for them to develop new skills and interests while also promoting a sense of autonomy and independence. By leaving information and materials around the house, you are creating a supportive environment where the patient feels empowered to engage with these activities at their own pace.

It's worth noting that while joining routine family meals and clearing the dishes after dinner may seem like a positive step, it might not be the most effective approach for this specific patient. The focus should be on helping the patient rebuild a healthy relationship with food rather than simply encouraging them to participate in meals without addressing any underlying issues.

Remember, each individual's journey towards recovery is unique, and it's essential to tailor your approach to their specific needs and preferences. By providing guidance and support while allowing the patient to take an active role in their own recovery, you can increase their chances of successfully overcoming anorexia nervosa.
========================================lmsys/vicuna-7b-v1.5========================================
========================================Question 3========================================
A supervisor observes inconsistency in the psychiatric-mental health nurse's behavior toward a patient; the nurse is unreasonably concerned, overly kind, or irrationally hostile. The most appropriate explanation is that the nurse is displaying: A.countertransference. B.empathic resonance. C.splitting behavior. D.transference.


Answer: A. countertransference.

Explanation: Countertransference refers to the phenomenon where a therapist or healthcare professional unconsciously projects their own unresolved emotions or conflicts onto the patient. In this case, the supervisor observes the nurse displaying inconsistent behavior towards the patient, which could be a result of the nurse unconsciously projecting their own unresolved emotions or conflicts onto the patient.
========================================Base model========================================


Answer: A. countertransference.

Explanation: Countertransference refers to the phenomenon where a therapist or healthcare professional unconsciously projects their own unresolved emotions or conflicts onto the patient. In this case, the supervisor observes the nurse displaying inconsistent behavior towards the patient, which could be a result of the nurse unconsciously projecting their own unresolved emotions or conflicts onto the patient.
========================================Finetuned model========================================
 Answer: C. Splitting behavior.

Explanation: Splitting behavior is characterized by an extreme and rigid way of thinking, where individuals divide people or situations into good/bad categories without considering the complexity or nuance of the situation. In this case, the supervisor observes the nurse's behavior as inconsistent, with the nurse being unreasonably concerned, overly kind, or irrationally hostile. These extreme reactions indicate that the nurse may be splitting the patient into good/bad categories, which can lead to ineffective care. It's important to address this behavior and provide support for the nurse to develop more balanced and nuanced thinking.
 Answer: C. Splitting behavior.

Explanation: Splitting behavior is characterized by an extreme and rigid way of thinking, where individuals divide people or situations into good/bad categories without considering the complexity or nuance of the situation. In this case, the supervisor observes the nurse's behavior as inconsistent, with the nurse being unreasonably concerned, overly kind, or irrationally hostile. These extreme reactions indicate that the nurse may be splitting the patient into good/bad categories, which can lead to ineffective care. It's important to address this behavior and provide support for the nurse to develop more balanced and nuanced thinking.
========================================lmsys/vicuna-7b-v1.5========================================
========================================Question 4========================================
The first step in the treatment of incest is to: A. believe the child who reports the activity. B. notify the proper authorities. C. objectively confront the accused family member. D. remove the child from the home.


Answer: C

Explanation: The first step in the treatment of incest is to objectively confront the accused family member. This is because incestuous behavior is often a taboo and hidden, and the first step in treating the issue is to bring it out into the open and confront the individuals involved. Believing the child who reports the activity is important, but it should not be the first step in the treatment process. Notifying the proper authorities is also important, but it should not be the first step either. Removing the child from the home is a necessary step in some cases, but it should not be the first step.
========================================Base model========================================


Answer: C

Explanation: The first step in the treatment of incest is to objectively confront the accused family member. This is because incestuous behavior is often a taboo and hidden, and the first step in treating the issue is to bring it out into the open and confront the individuals involved. Believing the child who reports the activity is important, but it should not be the first step in the treatment process. Notifying the proper authorities is also important, but it should not be the first step either. Removing the child from the home is a necessary step in some cases, but it should not be the first step.
========================================Finetuned model========================================
 Answer: C. objectively confront the accused family member.

Explanation: Incest is a serious issue that requires careful handling. The first step in treating incest is to objectively confront the accused family member. This means addressing the situation directly and openly, without judgment or bias. It's important to create a safe space for the person involved to express their feelings and thoughts, allowing them to take responsibility for their actions.

Notifying the proper authorities may also be necessary, but it should not be the only step taken. Confrontation and communication are key components in addressing incestuous relationships and helping those involved heal from any emotional scars they may have experienced.

Believing the child who reports the activity is crucial, as they may have been traumatized by the situation. However, it's important to balance this belief with a thorough investigation of the facts. Removing the child from the home temporarily might be necessary for their safety, but it shouldn't replace effective intervention and support for both the child and the accused family member.

Overall, confronting the accused family member and providing them with appropriate resources are essential steps in treating incest. It's important to approach the situation with empathy, understanding, and a commitment to helping everyone involved heal and move forward in a healthy way.
 Answer: C. objectively confront the accused family member.

Explanation: Incest is a serious issue that requires careful handling. The first step in treating incest is to objectively confront the accused family member. This means addressing the situation directly and openly, without judgment or bias. It's important to create a safe space for the person involved to express their feelings and thoughts, allowing them to take responsibility for their actions.

Notifying the proper authorities may also be necessary, but it should not be the only step taken. Confrontation and communication are key components in addressing incestuous relationships and helping those involved heal from any emotional scars they may have experienced.

Believing the child who reports the activity is crucial, as they may have been traumatized by the situation. However, it's important to balance this belief with a thorough investigation of the facts. Removing the child from the home temporarily might be necessary for their safety, but it shouldn't replace effective intervention and support for both the child and the accused family member.

Overall, confronting the accused family member and providing them with appropriate resources are essential steps in treating incest. It's important to approach the situation with empathy, understanding, and a commitment to helping everyone involved heal and move forward in a healthy way.
========================================lmsys/vicuna-7b-v1.5========================================
========================================Question 5========================================
A couple in counseling reports fighting with their son when they are angry with each other. This behavior typifies: A. coalition. B. indirect communication. C. transference. D. triangulation.

Answer: D. triangulation.

Explanation: Triangulation is a defense mechanism in which an individual involves a third party in their conflicts with another person. In this case, the couple is using their son as a third party to resolve their conflicts, which is a form of triangulation. Coalition, indirect communication, and transference are not relevant to the situation described.
========================================Base model========================================

Answer: D. triangulation.

Explanation: Triangulation is a defense mechanism in which an individual involves a third party in their conflicts with another person. In this case, the couple is using their son as a third party to resolve their conflicts, which is a form of triangulation. Coalition, indirect communication, and transference are not relevant to the situation described.
========================================Finetuned model========================================
 Answer: D. triangulation.

Explanation: Triangulation is a common behavior where one person tries to manipulate or control the dynamics of a relationship by involving a third party. In this case, the couple is fighting with their son as a way to express their anger towards each other. This can create tension and conflict within the family, making it difficult for everyone involved to communicate effectively.
 Answer: D. triangulation.

Explanation: Triangulation is a common behavior where one person tries to manipulate or control the dynamics of a relationship by involving a third party. In this case, the couple is fighting with their son as a way to express their anger towards each other. This can create tension and conflict within the family, making it difficult for everyone involved to communicate effectively.
========================================lmsys/vicuna-7b-v1.5========================================
========================================Question 6========================================
The severe feeling of restlessness produced by some psychotropic medications, which is often misinterpreted by patients as anxiety or a recurrence of psychiatric symptoms, is known as: A. akathisia. B. akinesia. C. bradykinesia. D. dystonia.

A. akathisia.
