Found a previous checkpoint at: /cbica/home/xjia/qlora/output/zephyr-7b-gpt-1025/checkpoint-1850
========================================HuggingFaceH4/zephyr-7b-alpha========================================
========================================Question 1========================================
A patient who was admitted yesterday with an adjustment disorder and depressed mood has not left his or her room. The psychiatric-mental health nurse's most appropriate approach at meal time today is to respond: A. 'I will bring your tray to your room, if it will make you more comfortable.' B.'I will walk with you to the dining room and sit with you while you eat.' C.'Where would you like to eat your meal this noon?' D.'You will feel better if you go to the dining room and eat with the others.'
{'input_ids': tensor([[    1, 20811,   349,   264,  5166,  4782,  2996,   395,  2308, 10475,
           330, 28725,   365, 28725,   334, 28725,   384, 28723,  9595,  4782,
           349,   272,  1080,  4714, 28804,  4792,   574,  4372,  4782,   486,
         19470,  2296,   456,  5032, 28747, 14264, 28792, 28741,  7700, 28739,
           513,  4782,   330,   349,   272,  1080,  4714, 28725, 14264, 28792,
         28760,  7700, 28739,   513,  4782,   365,   349,   272,  1080,  4714,
         28723, 14264, 28792, 28743,  7700, 28739,   513,  4782,   334,   349,
           272,  1080,  4714, 28723,   304, 14264, 28792, 28757,  7700, 28739,
           513,  4782,   384,   349,   272,  1080,  4714, 28723,    13,    13,
         27332, 22478, 28747,    13, 28741,  7749,   693,   403, 13048, 12091,
           395,   396,  7392,   466, 17404,   304, 27696, 12247,   659,   459,
          1749,   516,   442,   559,  2003, 28723,   415, 26210,  1491, 28733,
           466,   282,  2528, 17333, 28742, 28713,  1080,  7658,  4431,   438,
         11314,   727,  3154,   349,   298,  9421, 28747,   330, 28723,   464,
         28737,   622,  2968,   574, 22517,   298,   574,  2003, 28725,   513,
           378,   622,  1038,   368,   680,  8450,  1815,   365,  1815, 28737,
           622,  2338,   395,   368,   298,   272, 14129,  2003,   304,  1943,
           395,   368,  1312,   368,  5310,  1815,   334,  1815,  9607,   682,
           368,   737,   298,  5310,   574, 11314,   456, 26873,  3725,   384,
          1815,  1976,   622,  1601,  1873,   513,   368,   576,   298,   272,
         14129,  2003,   304,  5310,   395,   272,  2663,  1815,    13,    13,
         27332, 26307, 28747, 28705]], device='cuda:0'), 'attention_mask': tensor([[1, 1, 1, 1, 1, 1, 1, 1, 1, 1, 1, 1, 1, 1, 1, 1, 1, 1, 1, 1, 1, 1, 1, 1,
         1, 1, 1, 1, 1, 1, 1, 1, 1, 1, 1, 1, 1, 1, 1, 1, 1, 1, 1, 1, 1, 1, 1, 1,
         1, 1, 1, 1, 1, 1, 1, 1, 1, 1, 1, 1, 1, 1, 1, 1, 1, 1, 1, 1, 1, 1, 1, 1,
         1, 1, 1, 1, 1, 1, 1, 1, 1, 1, 1, 1, 1, 1, 1, 1, 1, 1, 1, 1, 1, 1, 1, 1,
         1, 1, 1, 1, 1, 1, 1, 1, 1, 1, 1, 1, 1, 1, 1, 1, 1, 1, 1, 1, 1, 1, 1, 1,
         1, 1, 1, 1, 1, 1, 1, 1, 1, 1, 1, 1, 1, 1, 1, 1, 1, 1, 1, 1, 1, 1, 1, 1,
         1, 1, 1, 1, 1, 1, 1, 1, 1, 1, 1, 1, 1, 1, 1, 1, 1, 1, 1, 1, 1, 1, 1, 1,
         1, 1, 1, 1, 1, 1, 1, 1, 1, 1, 1, 1, 1, 1, 1, 1, 1, 1, 1, 1, 1, 1, 1, 1,
         1, 1, 1, 1, 1, 1, 1, 1, 1, 1, 1, 1, 1, 1, 1, 1, 1, 1, 1, 1, 1, 1]],
       device='cuda:0')}

"[[B]]"
========================================Base model========================================

"[[B]]"
========================================Finetuned model========================================
{'input_ids': tensor([[    1, 20811,   349,   264,  5166,  4782,  2996,   395,  2308, 10475,
           330, 28725,   365, 28725,   334, 28725,   384, 28723,  9595,  4782,
           349,   272,  1080,  4714, 28804,  4792,   574,  4372,  4782,   486,
         19470,  2296,   456,  5032, 28747, 14264, 28792, 28741,  7700, 28739,
           513,  4782,   330,   349,   272,  1080,  4714, 28725, 14264, 28792,
         28760,  7700, 28739,   513,  4782,   365,   349,   272,  1080,  4714,
         28723, 14264, 28792, 28743,  7700, 28739,   513,  4782,   334,   349,
           272,  1080,  4714, 28723,   304, 14264, 28792, 28757,  7700, 28739,
           513,  4782,   384,   349,   272,  1080,  4714, 28723,    13,    13,
         27332, 22478, 28747,    13, 28741,  7749,   693,   403, 13048, 12091,
           395,   396,  7392,   466, 17404,   304, 27696, 12247,   659,   459,
          1749,   516,   442,   559,  2003, 28723,   415, 26210,  1491, 28733,
           466,   282,  2528, 17333, 28742, 28713,  1080,  7658,  4431,   438,
         11314,   727,  3154,   349,   298,  9421, 28747,   330, 28723,   464,
         28737,   622,  2968,   574, 22517,   298,   574,  2003, 28725,   513,
           378,   622,  1038,   368,   680,  8450,  1815,   365,  1815, 28737,
           622,  2338,   395,   368,   298,   272, 14129,  2003,   304,  1943,
           395,   368,  1312,   368,  5310,  1815,   334,  1815,  9607,   682,
           368,   737,   298,  5310,   574, 11314,   456, 26873,  3725,   384,
          1815,  1976,   622,  1601,  1873,   513,   368,   576,   298,   272,
         14129,  2003,   304,  5310,   395,   272,  2663,  1815,    13,    13,
         27332, 26307, 28747, 28705]], device='cuda:0'), 'attention_mask': tensor([[1, 1, 1, 1, 1, 1, 1, 1, 1, 1, 1, 1, 1, 1, 1, 1, 1, 1, 1, 1, 1, 1, 1, 1,
         1, 1, 1, 1, 1, 1, 1, 1, 1, 1, 1, 1, 1, 1, 1, 1, 1, 1, 1, 1, 1, 1, 1, 1,
         1, 1, 1, 1, 1, 1, 1, 1, 1, 1, 1, 1, 1, 1, 1, 1, 1, 1, 1, 1, 1, 1, 1, 1,
         1, 1, 1, 1, 1, 1, 1, 1, 1, 1, 1, 1, 1, 1, 1, 1, 1, 1, 1, 1, 1, 1, 1, 1,
         1, 1, 1, 1, 1, 1, 1, 1, 1, 1, 1, 1, 1, 1, 1, 1, 1, 1, 1, 1, 1, 1, 1, 1,
         1, 1, 1, 1, 1, 1, 1, 1, 1, 1, 1, 1, 1, 1, 1, 1, 1, 1, 1, 1, 1, 1, 1, 1,
         1, 1, 1, 1, 1, 1, 1, 1, 1, 1, 1, 1, 1, 1, 1, 1, 1, 1, 1, 1, 1, 1, 1, 1,
         1, 1, 1, 1, 1, 1, 1, 1, 1, 1, 1, 1, 1, 1, 1, 1, 1, 1, 1, 1, 1, 1, 1, 1,
         1, 1, 1, 1, 1, 1, 1, 1, 1, 1, 1, 1, 1, 1, 1, 1, 1, 1, 1, 1, 1, 1]],
       device='cuda:0')}
 D. 'You will feel better if you go to the dining room and eat with the others.'

Explanation: Encouraging the patient to join others in the dining room is a more appropriate approach as it promotes social interaction and supports their integration into daily activities. Eating with others can also provide opportunities for conversation and potential emotional support from fellow patients or staff members. Additionally, being in a communal setting may help reduce feelings of isolation, which can contribute to improved mood and overall well-being. Therefore, option D is the most correct choice.

Note: This answer is based on the information provided in the question. It's important to consider the specific circumstances and context when making decisions. If additional details or factors are not mentioned, they may impact the final decision.
 D. 'You will feel better if you go to the dining room and eat with the others.'

Explanation: Encouraging the patient to join others in the dining room is a more appropriate approach as it promotes social interaction and supports their integration into daily activities. Eating with others can also provide opportunities for conversation and potential emotional support from fellow patients or staff members. Additionally, being in a communal setting may help reduce feelings of isolation, which can contribute to improved mood and overall well-being. Therefore, option D is the most correct choice.

Note: This answer is based on the information provided in the question. It's important to consider the specific circumstances and context when making decisions. If additional details or factors are not mentioned, they may impact the final decision.
========================================HuggingFaceH4/zephyr-7b-alpha========================================
========================================Question 2========================================
A 17-year-old, female patient with anorexia nervosa has just been released from the hospital. To facilitate recovery at home, the psychiatric-mental health nurse instructs the family to: A.discourage the patient from sneaking food between meals, by unobtrusively reducing her access to the kitchen. B. encourage the patient's interest in menu planning, food magazines, and cooking lessons, by leaving information and materials around the house. C. permit the patient to eat her meals privately in her bedroom to discourage family preoccupation with meals. D. recommend that the patient joins in routine family meals and clears the dishes after dinner, even if she does not eat.
{'input_ids': tensor([[    1, 20811,   349,   264,  5166,  4782,  2996,   395,  2308, 10475,
           330, 28725,   365, 28725,   334, 28725,   384, 28723,  9595,  4782,
           349,   272,  1080,  4714, 28804,  4792,   574,  4372,  4782,   486,
         19470,  2296,   456,  5032, 28747, 14264, 28792, 28741,  7700, 28739,
           513,  4782,   330,   349,   272,  1080,  4714, 28725, 14264, 28792,
         28760,  7700, 28739,   513,  4782,   365,   349,   272,  1080,  4714,
         28723, 14264, 28792, 28743,  7700, 28739,   513,  4782,   334,   349,
           272,  1080,  4714, 28723,   304, 14264, 28792, 28757,  7700, 28739,
           513,  4782,   384,   349,   272,  1080,  4714, 28723,    13,    13,
         27332, 22478, 28747,    13, 28741, 28705, 28740, 28787, 28733,  4395,
         28733,   738, 28725,  7742,  7749,   395,   396,   431, 28744,   515,
          9434,  5689,   659,   776,   750,  5242,   477,   272,  6556, 28723,
          1791, 25729, 12106,   438,  1611, 28725,   272, 26210,  1491, 28733,
           466,   282,  2528, 17333, 12317, 28713,   272,  2005,   298, 28747,
           330, 28723,  2021, 28717,   423,   465,   272,  7749,   477, 14297,
          1288,  2887,  1444, 16423, 28725,   486,   521,   598,   434,   381,
          2260, 17032,   559,  2735,   298,   272,  6132, 28723,   365, 28723,
         12829,   272,  7749, 28742, 28713,  2145,   297,  8514,  7394, 28725,
          2887, 22916, 28725,   304, 13198, 14785, 28725,   486,  6285,  1871,
           304,  7069,  1401,   272,  2134, 28723,   334, 28723, 12748,   272,
          7749,   298,  5310,   559, 16423,  5136,  1999,   297,   559,  9384,
           298, 27314,   465,  2005,   710, 18562,   352,   395, 16423, 28723,
           384, 28723,  6557,   369,   272,  7749,  5821,  1126,   297, 11935,
          2005, 16423,   304,  1544,  1168,   272, 18454,  1024,  7854, 28725,
          1019,   513,   630,  1235,   459,  5310, 28723,    13,    13, 27332,
         26307, 28747, 28705]], device='cuda:0'), 'attention_mask': tensor([[1, 1, 1, 1, 1, 1, 1, 1, 1, 1, 1, 1, 1, 1, 1, 1, 1, 1, 1, 1, 1, 1, 1, 1,
         1, 1, 1, 1, 1, 1, 1, 1, 1, 1, 1, 1, 1, 1, 1, 1, 1, 1, 1, 1, 1, 1, 1, 1,
         1, 1, 1, 1, 1, 1, 1, 1, 1, 1, 1, 1, 1, 1, 1, 1, 1, 1, 1, 1, 1, 1, 1, 1,
         1, 1, 1, 1, 1, 1, 1, 1, 1, 1, 1, 1, 1, 1, 1, 1, 1, 1, 1, 1, 1, 1, 1, 1,
         1, 1, 1, 1, 1, 1, 1, 1, 1, 1, 1, 1, 1, 1, 1, 1, 1, 1, 1, 1, 1, 1, 1, 1,
         1, 1, 1, 1, 1, 1, 1, 1, 1, 1, 1, 1, 1, 1, 1, 1, 1, 1, 1, 1, 1, 1, 1, 1,
         1, 1, 1, 1, 1, 1, 1, 1, 1, 1, 1, 1, 1, 1, 1, 1, 1, 1, 1, 1, 1, 1, 1, 1,
         1, 1, 1, 1, 1, 1, 1, 1, 1, 1, 1, 1, 1, 1, 1, 1, 1, 1, 1, 1, 1, 1, 1, 1,
         1, 1, 1, 1, 1, 1, 1, 1, 1, 1, 1, 1, 1, 1, 1, 1, 1, 1, 1, 1, 1, 1, 1, 1,
         1, 1, 1, 1, 1, 1, 1, 1, 1, 1, 1, 1, 1, 1, 1, 1, 1, 1, 1, 1, 1, 1, 1, 1,
         1, 1, 1, 1, 1, 1, 1, 1, 1, 1, 1, 1, 1]], device='cuda:0')}

"[[D]]"
========================================Base model========================================

"[[D]]"
========================================Finetuned model========================================
{'input_ids': tensor([[    1, 20811,   349,   264,  5166,  4782,  2996,   395,  2308, 10475,
           330, 28725,   365, 28725,   334, 28725,   384, 28723,  9595,  4782,
           349,   272,  1080,  4714, 28804,  4792,   574,  4372,  4782,   486,
         19470,  2296,   456,  5032, 28747, 14264, 28792, 28741,  7700, 28739,
           513,  4782,   330,   349,   272,  1080,  4714, 28725, 14264, 28792,
         28760,  7700, 28739,   513,  4782,   365,   349,   272,  1080,  4714,
         28723, 14264, 28792, 28743,  7700, 28739,   513,  4782,   334,   349,
           272,  1080,  4714, 28723,   304, 14264, 28792, 28757,  7700, 28739,
           513,  4782,   384,   349,   272,  1080,  4714, 28723,    13,    13,
         27332, 22478, 28747,    13, 28741, 28705, 28740, 28787, 28733,  4395,
         28733,   738, 28725,  7742,  7749,   395,   396,   431, 28744,   515,
          9434,  5689,   659,   776,   750,  5242,   477,   272,  6556, 28723,
          1791, 25729, 12106,   438,  1611, 28725,   272, 26210,  1491, 28733,
           466,   282,  2528, 17333, 12317, 28713,   272,  2005,   298, 28747,
           330, 28723,  2021, 28717,   423,   465,   272,  7749,   477, 14297,
          1288,  2887,  1444, 16423, 28725,   486,   521,   598,   434,   381,
          2260, 17032,   559,  2735,   298,   272,  6132, 28723,   365, 28723,
         12829,   272,  7749, 28742, 28713,  2145,   297,  8514,  7394, 28725,
          2887, 22916, 28725,   304, 13198, 14785, 28725,   486,  6285,  1871,
           304,  7069,  1401,   272,  2134, 28723,   334, 28723, 12748,   272,
          7749,   298,  5310,   559, 16423,  5136,  1999,   297,   559,  9384,
           298, 27314,   465,  2005,   710, 18562,   352,   395, 16423, 28723,
           384, 28723,  6557,   369,   272,  7749,  5821,  1126,   297, 11935,
          2005, 16423,   304,  1544,  1168,   272, 18454,  1024,  7854, 28725,
          1019,   513,   630,  1235,   459,  5310, 28723,    13,    13, 27332,
         26307, 28747, 28705]], device='cuda:0'), 'attention_mask': tensor([[1, 1, 1, 1, 1, 1, 1, 1, 1, 1, 1, 1, 1, 1, 1, 1, 1, 1, 1, 1, 1, 1, 1, 1,
         1, 1, 1, 1, 1, 1, 1, 1, 1, 1, 1, 1, 1, 1, 1, 1, 1, 1, 1, 1, 1, 1, 1, 1,
         1, 1, 1, 1, 1, 1, 1, 1, 1, 1, 1, 1, 1, 1, 1, 1, 1, 1, 1, 1, 1, 1, 1, 1,
         1, 1, 1, 1, 1, 1, 1, 1, 1, 1, 1, 1, 1, 1, 1, 1, 1, 1, 1, 1, 1, 1, 1, 1,
         1, 1, 1, 1, 1, 1, 1, 1, 1, 1, 1, 1, 1, 1, 1, 1, 1, 1, 1, 1, 1, 1, 1, 1,
         1, 1, 1, 1, 1, 1, 1, 1, 1, 1, 1, 1, 1, 1, 1, 1, 1, 1, 1, 1, 1, 1, 1, 1,
         1, 1, 1, 1, 1, 1, 1, 1, 1, 1, 1, 1, 1, 1, 1, 1, 1, 1, 1, 1, 1, 1, 1, 1,
         1, 1, 1, 1, 1, 1, 1, 1, 1, 1, 1, 1, 1, 1, 1, 1, 1, 1, 1, 1, 1, 1, 1, 1,
         1, 1, 1, 1, 1, 1, 1, 1, 1, 1, 1, 1, 1, 1, 1, 1, 1, 1, 1, 1, 1, 1, 1, 1,
         1, 1, 1, 1, 1, 1, 1, 1, 1, 1, 1, 1, 1, 1, 1, 1, 1, 1, 1, 1, 1, 1, 1, 1,
         1, 1, 1, 1, 1, 1, 1, 1, 1, 1, 1, 1, 1]], device='cuda:0')}
 It is important for the patient to join in routine family meals and clear the dishes after dinner, even if she does not eat. This will help foster a sense of belonging and reduce any feelings of isolation. Encouraging her interest in menu planning, food magazines, and cooking lessons, as mentioned in option B, can also support her recovery by increasing her exposure to different foods and fostering a positive relationship with them. It may be helpful to provide her with information and materials about nutrition and healthy eating habits as well. While it is essential to encourage her involvement in meal-related activities, there is no need to discourage sneaking food between meals, as this might lead to secretive behaviors and potentially hinder her progress. Instead, focus on open communication and discussing any concerns about unhealthy behaviors with empathy and understanding. Lastly, having the patient eat her meals privately in her bedroom can contribute to feelings of loneliness and detachment. Eating together as a family allows for support, encouragement, and monitoring of her well-being.

In summary, the most correct answer choices are:
- D. recommend that the patient joins in routine family meals and clears the dishes after dinner, even if she does not eat.
- B. encourage her interest in menu planning, food magazines, and cooking lessons.
- C. permit her to eat her meals with the family rather than privately in her bedroom.

Remember, each individual's situation is unique, so it's important to adapt these suggestions to best suit the patient's needs and preferences. Ongoing communication and collaboration with the patient, her family, and other healthcare providers involved will also play a crucial role in her recovery journey.
 It is important for the patient to join in routine family meals and clear the dishes after dinner, even if she does not eat. This will help foster a sense of belonging and reduce any feelings of isolation. Encouraging her interest in menu planning, food magazines, and cooking lessons, as mentioned in option B, can also support her recovery by increasing her exposure to different foods and fostering a positive relationship with them. It may be helpful to provide her with information and materials about nutrition and healthy eating habits as well. While it is essential to encourage her involvement in meal-related activities, there is no need to discourage sneaking food between meals, as this might lead to secretive behaviors and potentially hinder her progress. Instead, focus on open communication and discussing any concerns about unhealthy behaviors with empathy and understanding. Lastly, having the patient eat her meals privately in her bedroom can contribute to feelings of loneliness and detachment. Eating together as a family allows for support, encouragement, and monitoring of her well-being.

In summary, the most correct answer choices are:
- D. recommend that the patient joins in routine family meals and clears the dishes after dinner, even if she does not eat.
- B. encourage her interest in menu planning, food magazines, and cooking lessons.
- C. permit her to eat her meals with the family rather than privately in her bedroom.

Remember, each individual's situation is unique, so it's important to adapt these suggestions to best suit the patient's needs and preferences. Ongoing communication and collaboration with the patient, her family, and other healthcare providers involved will also play a crucial role in her recovery journey.
========================================HuggingFaceH4/zephyr-7b-alpha========================================
========================================Question 3========================================
A supervisor observes inconsistency in the psychiatric-mental health nurse's behavior toward a patient; the nurse is unreasonably concerned, overly kind, or irrationally hostile. The most appropriate explanation is that the nurse is displaying: A.countertransference. B.empathic resonance. C.splitting behavior. D.transference.
{'input_ids': tensor([[    1, 20811,   349,   264,  5166,  4782,  2996,   395,  2308, 10475,
           330, 28725,   365, 28725,   334, 28725,   384, 28723,  9595,  4782,
           349,   272,  1080,  4714, 28804,  4792,   574,  4372,  4782,   486,
         19470,  2296,   456,  5032, 28747, 14264, 28792, 28741,  7700, 28739,
           513,  4782,   330,   349,   272,  1080,  4714, 28725, 14264, 28792,
         28760,  7700, 28739,   513,  4782,   365,   349,   272,  1080,  4714,
         28723, 14264, 28792, 28743,  7700, 28739,   513,  4782,   334,   349,
           272,  1080,  4714, 28723,   304, 14264, 28792, 28757,  7700, 28739,
           513,  4782,   384,   349,   272,  1080,  4714, 28723,    13,    13,
         27332, 22478, 28747,    13, 28741,  2195, 16529,  3977,   274, 25331,
           392,  2090,   297,   272, 26210,  1491, 28733,   466,   282,  2528,
         17333, 28742, 28713,  6174,  4112,   264,  7749, 28745,   272, 17333,
           349,   521, 14991,  1907,  9059, 28725,   754,   346,  2112, 28725,
           442, 24559,   352,   578, 26616, 28723,   415,  1080,  7658, 13268,
           349,   369,   272, 17333,   349,  4249,   288, 28747,   330, 28723,
         12520,  1281,  2103, 28723,   365, 28723,   366,  1740,   294, 16379,
           617, 28723,   334, 28723, 15213,  3257,  6174, 28723,   384, 28723,
          1281,  2103, 28723,    13,    13, 27332, 26307, 28747, 28705]],
       device='cuda:0'), 'attention_mask': tensor([[1, 1, 1, 1, 1, 1, 1, 1, 1, 1, 1, 1, 1, 1, 1, 1, 1, 1, 1, 1, 1, 1, 1, 1,
         1, 1, 1, 1, 1, 1, 1, 1, 1, 1, 1, 1, 1, 1, 1, 1, 1, 1, 1, 1, 1, 1, 1, 1,
         1, 1, 1, 1, 1, 1, 1, 1, 1, 1, 1, 1, 1, 1, 1, 1, 1, 1, 1, 1, 1, 1, 1, 1,
         1, 1, 1, 1, 1, 1, 1, 1, 1, 1, 1, 1, 1, 1, 1, 1, 1, 1, 1, 1, 1, 1, 1, 1,
         1, 1, 1, 1, 1, 1, 1, 1, 1, 1, 1, 1, 1, 1, 1, 1, 1, 1, 1, 1, 1, 1, 1, 1,
         1, 1, 1, 1, 1, 1, 1, 1, 1, 1, 1, 1, 1, 1, 1, 1, 1, 1, 1, 1, 1, 1, 1, 1,
         1, 1, 1, 1, 1, 1, 1, 1, 1, 1, 1, 1, 1, 1, 1, 1, 1, 1, 1, 1, 1, 1, 1, 1,
         1, 1, 1, 1, 1, 1, 1, 1, 1, 1, 1]], device='cuda:0')}

"[[C]]"

### Explanation:
C is the most appropriate answer because "splitting behavior" is a defense mechanism in which the nurse sees the patient as either all good or all bad, which can result in overly kind or irrationally hostile behavior. This can be a result of the nurse's own unresolved conflicts or past experiences.
========================================Base model========================================

"[[C]]"

### Explanation:
C is the most appropriate answer because "splitting behavior" is a defense mechanism in which the nurse sees the patient as either all good or all bad, which can result in overly kind or irrationally hostile behavior. This can be a result of the nurse's own unresolved conflicts or past experiences.
========================================Finetuned model========================================
{'input_ids': tensor([[    1, 20811,   349,   264,  5166,  4782,  2996,   395,  2308, 10475,
           330, 28725,   365, 28725,   334, 28725,   384, 28723,  9595,  4782,
           349,   272,  1080,  4714, 28804,  4792,   574,  4372,  4782,   486,
         19470,  2296,   456,  5032, 28747, 14264, 28792, 28741,  7700, 28739,
           513,  4782,   330,   349,   272,  1080,  4714, 28725, 14264, 28792,
         28760,  7700, 28739,   513,  4782,   365,   349,   272,  1080,  4714,
         28723, 14264, 28792, 28743,  7700, 28739,   513,  4782,   334,   349,
           272,  1080,  4714, 28723,   304, 14264, 28792, 28757,  7700, 28739,
           513,  4782,   384,   349,   272,  1080,  4714, 28723,    13,    13,
         27332, 22478, 28747,    13, 28741,  2195, 16529,  3977,   274, 25331,
           392,  2090,   297,   272, 26210,  1491, 28733,   466,   282,  2528,
         17333, 28742, 28713,  6174,  4112,   264,  7749, 28745,   272, 17333,
           349,   521, 14991,  1907,  9059, 28725,   754,   346,  2112, 28725,
           442, 24559,   352,   578, 26616, 28723,   415,  1080,  7658, 13268,
           349,   369,   272, 17333,   349,  4249,   288, 28747,   330, 28723,
         12520,  1281,  2103, 28723,   365, 28723,   366,  1740,   294, 16379,
           617, 28723,   334, 28723, 15213,  3257,  6174, 28723,   384, 28723,
          1281,  2103, 28723,    13,    13, 27332, 26307, 28747, 28705]],
       device='cuda:0'), 'attention_mask': tensor([[1, 1, 1, 1, 1, 1, 1, 1, 1, 1, 1, 1, 1, 1, 1, 1, 1, 1, 1, 1, 1, 1, 1, 1,
         1, 1, 1, 1, 1, 1, 1, 1, 1, 1, 1, 1, 1, 1, 1, 1, 1, 1, 1, 1, 1, 1, 1, 1,
         1, 1, 1, 1, 1, 1, 1, 1, 1, 1, 1, 1, 1, 1, 1, 1, 1, 1, 1, 1, 1, 1, 1, 1,
         1, 1, 1, 1, 1, 1, 1, 1, 1, 1, 1, 1, 1, 1, 1, 1, 1, 1, 1, 1, 1, 1, 1, 1,
         1, 1, 1, 1, 1, 1, 1, 1, 1, 1, 1, 1, 1, 1, 1, 1, 1, 1, 1, 1, 1, 1, 1, 1,
         1, 1, 1, 1, 1, 1, 1, 1, 1, 1, 1, 1, 1, 1, 1, 1, 1, 1, 1, 1, 1, 1, 1, 1,
         1, 1, 1, 1, 1, 1, 1, 1, 1, 1, 1, 1, 1, 1, 1, 1, 1, 1, 1, 1, 1, 1, 1, 1,
         1, 1, 1, 1, 1, 1, 1, 1, 1, 1, 1]], device='cuda:0')}
 A. countertransference.

Explanation:
Countertransference occurs when a professional's own emotions, attitudes, and unresolved conflicts influence their behavior towards a patient. In this case, the supervisor observed inconsistency in the nurse's behavior, which could be explained by the nurse's own personal feelings and unresolved issues affecting how they interact with the patient. It's important for professionals to recognize and address their own emotions and biases to provide the best care for their patients.

B. empathic resonance is a concept related to understanding and connecting with others on an emotional level. While it can be a valuable quality in nursing, it doesn't directly address the specific situation described in the question.

C. splitting behavior involves seeing people or situations as completely good or bad, without recognizing the complexity or nuances involved. It's not necessarily the most accurate explanation for the supervisor's observation.

D. transference refers to the tendency for individuals to transfer their feelings and experiences from past relationships onto new ones, including those with their healthcare providers. However, in this case, the question doesn't provide enough information to determine if transference is the appropriate explanation.

Overall, understanding and addressing countertransference is crucial for mental health professionals to ensure they are providing objective and unbiased care. It's essential for nurses to reflect on their own emotions and experiences to avoid letting them influence their interactions with patients. Seeking supervision or support from colleagues can help in recognizing and managing countertransference effectively.
 A. countertransference.

Explanation:
Countertransference occurs when a professional's own emotions, attitudes, and unresolved conflicts influence their behavior towards a patient. In this case, the supervisor observed inconsistency in the nurse's behavior, which could be explained by the nurse's own personal feelings and unresolved issues affecting how they interact with the patient. It's important for professionals to recognize and address their own emotions and biases to provide the best care for their patients.

B. empathic resonance is a concept related to understanding and connecting with others on an emotional level. While it can be a valuable quality in nursing, it doesn't directly address the specific situation described in the question.

C. splitting behavior involves seeing people or situations as completely good or bad, without recognizing the complexity or nuances involved. It's not necessarily the most accurate explanation for the supervisor's observation.

D. transference refers to the tendency for individuals to transfer their feelings and experiences from past relationships onto new ones, including those with their healthcare providers. However, in this case, the question doesn't provide enough information to determine if transference is the appropriate explanation.

Overall, understanding and addressing countertransference is crucial for mental health professionals to ensure they are providing objective and unbiased care. It's essential for nurses to reflect on their own emotions and experiences to avoid letting them influence their interactions with patients. Seeking supervision or support from colleagues can help in recognizing and managing countertransference effectively.
========================================HuggingFaceH4/zephyr-7b-alpha========================================
========================================Question 4========================================
The first step in the treatment of incest is to: A. believe the child who reports the activity. B. notify the proper authorities. C. objectively confront the accused family member. D. remove the child from the home.
{'input_ids': tensor([[    1, 20811,   349,   264,  5166,  4782,  2996,   395,  2308, 10475,
           330, 28725,   365, 28725,   334, 28725,   384, 28723,  9595,  4782,
           349,   272,  1080,  4714, 28804,  4792,   574,  4372,  4782,   486,
         19470,  2296,   456,  5032, 28747, 14264, 28792, 28741,  7700, 28739,
           513,  4782,   330,   349,   272,  1080,  4714, 28725, 14264, 28792,
         28760,  7700, 28739,   513,  4782,   365,   349,   272,  1080,  4714,
         28723, 14264, 28792, 28743,  7700, 28739,   513,  4782,   334,   349,
           272,  1080,  4714, 28723,   304, 14264, 28792, 28757,  7700, 28739,
           513,  4782,   384,   349,   272,  1080,  4714, 28723,    13,    13,
         27332, 22478, 28747,    13,  1014,   907,  3707,   297,   272,  5827,
           302,  2258,   374,   349,   298, 28747,   330, 28723,  3091,   272,
          1502,   693,  7959,   272,  6355, 28723,   365, 28723, 20849,   272,
          4979, 12503, 28723,   334, 28723,  1928,  2260, 12773,   272, 16380,
          2005,  4292, 28723,   384, 28723,  5281,   272,  1502,   477,   272,
          1611, 28723,    13,    13, 27332, 26307, 28747, 28705]],
       device='cuda:0'), 'attention_mask': tensor([[1, 1, 1, 1, 1, 1, 1, 1, 1, 1, 1, 1, 1, 1, 1, 1, 1, 1, 1, 1, 1, 1, 1, 1,
         1, 1, 1, 1, 1, 1, 1, 1, 1, 1, 1, 1, 1, 1, 1, 1, 1, 1, 1, 1, 1, 1, 1, 1,
         1, 1, 1, 1, 1, 1, 1, 1, 1, 1, 1, 1, 1, 1, 1, 1, 1, 1, 1, 1, 1, 1, 1, 1,
         1, 1, 1, 1, 1, 1, 1, 1, 1, 1, 1, 1, 1, 1, 1, 1, 1, 1, 1, 1, 1, 1, 1, 1,
         1, 1, 1, 1, 1, 1, 1, 1, 1, 1, 1, 1, 1, 1, 1, 1, 1, 1, 1, 1, 1, 1, 1, 1,
         1, 1, 1, 1, 1, 1, 1, 1, 1, 1, 1, 1, 1, 1, 1, 1, 1, 1, 1, 1, 1, 1, 1, 1,
         1, 1, 1, 1]], device='cuda:0')}


"[[B]]"
========================================Base model========================================


"[[B]]"
========================================Finetuned model========================================
{'input_ids': tensor([[    1, 20811,   349,   264,  5166,  4782,  2996,   395,  2308, 10475,
           330, 28725,   365, 28725,   334, 28725,   384, 28723,  9595,  4782,
           349,   272,  1080,  4714, 28804,  4792,   574,  4372,  4782,   486,
         19470,  2296,   456,  5032, 28747, 14264, 28792, 28741,  7700, 28739,
           513,  4782,   330,   349,   272,  1080,  4714, 28725, 14264, 28792,
         28760,  7700, 28739,   513,  4782,   365,   349,   272,  1080,  4714,
         28723, 14264, 28792, 28743,  7700, 28739,   513,  4782,   334,   349,
           272,  1080,  4714, 28723,   304, 14264, 28792, 28757,  7700, 28739,
           513,  4782,   384,   349,   272,  1080,  4714, 28723,    13,    13,
         27332, 22478, 28747,    13,  1014,   907,  3707,   297,   272,  5827,
           302,  2258,   374,   349,   298, 28747,   330, 28723,  3091,   272,
          1502,   693,  7959,   272,  6355, 28723,   365, 28723, 20849,   272,
          4979, 12503, 28723,   334, 28723,  1928,  2260, 12773,   272, 16380,
          2005,  4292, 28723,   384, 28723,  5281,   272,  1502,   477,   272,
          1611, 28723,    13,    13, 27332, 26307, 28747, 28705]],
       device='cuda:0'), 'attention_mask': tensor([[1, 1, 1, 1, 1, 1, 1, 1, 1, 1, 1, 1, 1, 1, 1, 1, 1, 1, 1, 1, 1, 1, 1, 1,
         1, 1, 1, 1, 1, 1, 1, 1, 1, 1, 1, 1, 1, 1, 1, 1, 1, 1, 1, 1, 1, 1, 1, 1,
         1, 1, 1, 1, 1, 1, 1, 1, 1, 1, 1, 1, 1, 1, 1, 1, 1, 1, 1, 1, 1, 1, 1, 1,
         1, 1, 1, 1, 1, 1, 1, 1, 1, 1, 1, 1, 1, 1, 1, 1, 1, 1, 1, 1, 1, 1, 1, 1,
         1, 1, 1, 1, 1, 1, 1, 1, 1, 1, 1, 1, 1, 1, 1, 1, 1, 1, 1, 1, 1, 1, 1, 1,
         1, 1, 1, 1, 1, 1, 1, 1, 1, 1, 1, 1, 1, 1, 1, 1, 1, 1, 1, 1, 1, 1, 1, 1,
         1, 1, 1, 1]], device='cuda:0')}
 A. believe the child who reports the activity.

Explanation: It's crucial to start by believing the child who discloses experiencing incest. This step demonstrates empathy, support, and acknowledges the bravery it takes for a child to share such a difficult experience. Disbelieving or doubting the child can further traumatize them and hinder their healing process.

B. notify the proper authorities.

Explanation: Reporting incest to the appropriate authorities is an essential step in ensuring the child's safety and holding perpetrators accountable. Authorities have the resources and legal authority to investigate and intervene appropriately. Failing to report can leave the child vulnerable and allow the abusive behavior to continue unchecked.

C. objectively confront the accused family member.

Explanation: While confronting the accused family member may be emotionally challenging, it's important to approach this conversation with objectivity and professionalism. The aim is to gather information, understand the alleged perpetrator's perspective, and assess their level of remorse or denial. This conversation should be conducted by trained professionals who can navigate the complexities of family dynamics and ensure a safe environment for everyone involved.

D. remove the child from the home.

Explanation: Removing the child from their home temporarily might be necessary in certain situations where there is an immediate risk of harm or ongoing abuse. However, this decision should be made on a case-by-case basis, considering the specific circumstances surrounding the incest and the child's safety. In most cases, removing the child from their home should not be the first step but rather a consideration based on individual circumstances.

Remember, each situation is unique, and it's important to approach the treatment of incest with sensitivity, professionalism, and a focus on the child's well-being. Consulting with experienced professionals who specialize in child abuse and trauma can provide valuable guidance tailored to your specific situation.
 A. believe the child who reports the activity.

Explanation: It's crucial to start by believing the child who discloses experiencing incest. This step demonstrates empathy, support, and acknowledges the bravery it takes for a child to share such a difficult experience. Disbelieving or doubting the child can further traumatize them and hinder their healing process.

B. notify the proper authorities.

Explanation: Reporting incest to the appropriate authorities is an essential step in ensuring the child's safety and holding perpetrators accountable. Authorities have the resources and legal authority to investigate and intervene appropriately. Failing to report can leave the child vulnerable and allow the abusive behavior to continue unchecked.

C. objectively confront the accused family member.

Explanation: While confronting the accused family member may be emotionally challenging, it's important to approach this conversation with objectivity and professionalism. The aim is to gather information, understand the alleged perpetrator's perspective, and assess their level of remorse or denial. This conversation should be conducted by trained professionals who can navigate the complexities of family dynamics and ensure a safe environment for everyone involved.

D. remove the child from the home.

Explanation: Removing the child from their home temporarily might be necessary in certain situations where there is an immediate risk of harm or ongoing abuse. However, this decision should be made on a case-by-case basis, considering the specific circumstances surrounding the incest and the child's safety. In most cases, removing the child from their home should not be the first step but rather a consideration based on individual circumstances.

Remember, each situation is unique, and it's important to approach the treatment of incest with sensitivity, professionalism, and a focus on the child's well-being. Consulting with experienced professionals who specialize in child abuse and trauma can provide valuable guidance tailored to your specific situation.
========================================HuggingFaceH4/zephyr-7b-alpha========================================
========================================Question 5========================================
A couple in counseling reports fighting with their son when they are angry with each other. This behavior typifies: A. coalition. B. indirect communication. C. transference. D. triangulation.
{'input_ids': tensor([[    1, 20811,   349,   264,  5166,  4782,  2996,   395,  2308, 10475,
           330, 28725,   365, 28725,   334, 28725,   384, 28723,  9595,  4782,
           349,   272,  1080,  4714, 28804,  4792,   574,  4372,  4782,   486,
         19470,  2296,   456,  5032, 28747, 14264, 28792, 28741,  7700, 28739,
           513,  4782,   330,   349,   272,  1080,  4714, 28725, 14264, 28792,
         28760,  7700, 28739,   513,  4782,   365,   349,   272,  1080,  4714,
         28723, 14264, 28792, 28743,  7700, 28739,   513,  4782,   334,   349,
           272,  1080,  4714, 28723,   304, 14264, 28792, 28757,  7700, 28739,
           513,  4782,   384,   349,   272,  1080,  4714, 28723,    13,    13,
         27332, 22478, 28747,    13, 28741,  4308,   297, 14625,   288,  7959,
          8552,   395,   652,  1966,   739,   590,   460, 10545,   395,  1430,
           799, 28723,   851,  6174,  2514,  8961, 28747,   330, 28723, 28131,
         28723,   365, 28723, 20690,  8520, 28723,   334, 28723,  1203,  2103,
         28723,   384, 28723,  2629,   602,  2677, 28723,    13,    13, 27332,
         26307, 28747, 28705]], device='cuda:0'), 'attention_mask': tensor([[1, 1, 1, 1, 1, 1, 1, 1, 1, 1, 1, 1, 1, 1, 1, 1, 1, 1, 1, 1, 1, 1, 1, 1,
         1, 1, 1, 1, 1, 1, 1, 1, 1, 1, 1, 1, 1, 1, 1, 1, 1, 1, 1, 1, 1, 1, 1, 1,
         1, 1, 1, 1, 1, 1, 1, 1, 1, 1, 1, 1, 1, 1, 1, 1, 1, 1, 1, 1, 1, 1, 1, 1,
         1, 1, 1, 1, 1, 1, 1, 1, 1, 1, 1, 1, 1, 1, 1, 1, 1, 1, 1, 1, 1, 1, 1, 1,
         1, 1, 1, 1, 1, 1, 1, 1, 1, 1, 1, 1, 1, 1, 1, 1, 1, 1, 1, 1, 1, 1, 1, 1,
         1, 1, 1, 1, 1, 1, 1, 1, 1, 1, 1, 1, 1, 1, 1, 1, 1, 1, 1, 1, 1, 1, 1]],
       device='cuda:0')}

"[[D]]"
========================================Base model========================================

"[[D]]"
========================================Finetuned model========================================
{'input_ids': tensor([[    1, 20811,   349,   264,  5166,  4782,  2996,   395,  2308, 10475,
           330, 28725,   365, 28725,   334, 28725,   384, 28723,  9595,  4782,
           349,   272,  1080,  4714, 28804,  4792,   574,  4372,  4782,   486,
         19470,  2296,   456,  5032, 28747, 14264, 28792, 28741,  7700, 28739,
           513,  4782,   330,   349,   272,  1080,  4714, 28725, 14264, 28792,
         28760,  7700, 28739,   513,  4782,   365,   349,   272,  1080,  4714,
         28723, 14264, 28792, 28743,  7700, 28739,   513,  4782,   334,   349,
           272,  1080,  4714, 28723,   304, 14264, 28792, 28757,  7700, 28739,
           513,  4782,   384,   349,   272,  1080,  4714, 28723,    13,    13,
         27332, 22478, 28747,    13, 28741,  4308,   297, 14625,   288,  7959,
          8552,   395,   652,  1966,   739,   590,   460, 10545,   395,  1430,
           799, 28723,   851,  6174,  2514,  8961, 28747,   330, 28723, 28131,
         28723,   365, 28723, 20690,  8520, 28723,   334, 28723,  1203,  2103,
         28723,   384, 28723,  2629,   602,  2677, 28723,    13,    13, 27332,
         26307, 28747, 28705]], device='cuda:0'), 'attention_mask': tensor([[1, 1, 1, 1, 1, 1, 1, 1, 1, 1, 1, 1, 1, 1, 1, 1, 1, 1, 1, 1, 1, 1, 1, 1,
         1, 1, 1, 1, 1, 1, 1, 1, 1, 1, 1, 1, 1, 1, 1, 1, 1, 1, 1, 1, 1, 1, 1, 1,
         1, 1, 1, 1, 1, 1, 1, 1, 1, 1, 1, 1, 1, 1, 1, 1, 1, 1, 1, 1, 1, 1, 1, 1,
         1, 1, 1, 1, 1, 1, 1, 1, 1, 1, 1, 1, 1, 1, 1, 1, 1, 1, 1, 1, 1, 1, 1, 1,
         1, 1, 1, 1, 1, 1, 1, 1, 1, 1, 1, 1, 1, 1, 1, 1, 1, 1, 1, 1, 1, 1, 1, 1,
         1, 1, 1, 1, 1, 1, 1, 1, 1, 1, 1, 1, 1, 1, 1, 1, 1, 1, 1, 1, 1, 1, 1]],
       device='cuda:0')}
 This behavior can be classified as "triangulation." When a couple uses their child or another person to mediate or become involved in their conflicts, it is called triangulation. It can create tension and confusion within the family dynamic. Recognizing this pattern is an important step towards addressing and resolving the issue.
